1518039723425	geckodriver	INFO	geckodriver 0.19.1
1518039723547	geckodriver	INFO	Listening on 127.0.0.1:63135
1518039725184	mozrunner::runner	INFO	Running command: "/Applications/Firefox.app/Contents/MacOS/firefox-bin" "-marionette" "-profile" "/var/folders/sr/sb9l5s5n2rv6p_4ckdf1vn340000gn/T/rust_mozprofile.lyi6PR8PnxTW"
1518039733196	addons.manager	DEBUG	Application has been upgraded
1518039733246	addons.manager	DEBUG	Loaded provider scope for resource://gre/modules/addons/XPIProvider.jsm: ["XPIProvider", "XPIInternal"]
1518039733250	addons.manager	DEBUG	Loaded provider scope for resource://gre/modules/LightweightThemeManager.jsm: ["LightweightThemeManager"]
1518039733307	addons.manager	DEBUG	Loaded provider scope for resource://gre/modules/addons/GMPProvider.jsm
1518039733314	addons.manager	DEBUG	Loaded provider scope for resource://gre/modules/addons/PluginProvider.jsm
1518039733314	addons.manager	DEBUG	Starting provider: XPIProvider
1518039733315	addons.xpi	DEBUG	startup
1518039733315	addons.xpi	INFO	SystemAddonInstallLocation directory is missing
1518039733315	addons.xpi	INFO	Removing all system add-on upgrades.
1518039733315	addons.xpi	DEBUG	checkForChanges
1518039733316	addons.xpi	DEBUG	Loaded add-on state: ${}
1518039733319	addons.xpi	INFO	Mapping activity-stream@mozilla.org to /Applications/Firefox.app/Contents/Resources/browser/features/activity-stream@mozilla.org.xpi
1518039733319	addons.xpi	INFO	Mapping aushelper@mozilla.org to /Applications/Firefox.app/Contents/Resources/browser/features/aushelper@mozilla.org.xpi
1518039733319	addons.xpi	INFO	Mapping firefox@getpocket.com to /Applications/Firefox.app/Contents/Resources/browser/features/firefox@getpocket.com.xpi
1518039733319	addons.xpi	INFO	Mapping followonsearch@mozilla.com to /Applications/Firefox.app/Contents/Resources/browser/features/followonsearch@mozilla.com.xpi
1518039733320	addons.xpi	INFO	Mapping formautofill@mozilla.org to /Applications/Firefox.app/Contents/Resources/browser/features/formautofill@mozilla.org.xpi
1518039733320	addons.xpi	INFO	Mapping onboarding@mozilla.org to /Applications/Firefox.app/Contents/Resources/browser/features/onboarding@mozilla.org.xpi
1518039733320	addons.xpi	INFO	Mapping screenshots@mozilla.org to /Applications/Firefox.app/Contents/Resources/browser/features/screenshots@mozilla.org.xpi
1518039733320	addons.xpi	INFO	Mapping shield-recipe-client@mozilla.org to /Applications/Firefox.app/Contents/Resources/browser/features/shield-recipe-client@mozilla.org.xpi
1518039733320	addons.xpi	INFO	Mapping webcompat@mozilla.org to /Applications/Firefox.app/Contents/Resources/browser/features/webcompat@mozilla.org.xpi
1518039733321	addons.xpi	DEBUG	New add-on activity-stream@mozilla.org in app-system-defaults
1518039733322	addons.xpi	INFO	Mapping activity-stream@mozilla.org to /Applications/Firefox.app/Contents/Resources/browser/features/activity-stream@mozilla.org.xpi
1518039733323	addons.xpi	DEBUG	New add-on aushelper@mozilla.org in app-system-defaults
1518039733323	addons.xpi	INFO	Mapping aushelper@mozilla.org to /Applications/Firefox.app/Contents/Resources/browser/features/aushelper@mozilla.org.xpi
1518039733324	addons.xpi	DEBUG	New add-on firefox@getpocket.com in app-system-defaults
1518039733324	addons.xpi	INFO	Mapping firefox@getpocket.com to /Applications/Firefox.app/Contents/Resources/browser/features/firefox@getpocket.com.xpi
1518039733324	addons.xpi	DEBUG	New add-on followonsearch@mozilla.com in app-system-defaults
1518039733325	addons.xpi	INFO	Mapping followonsearch@mozilla.com to /Applications/Firefox.app/Contents/Resources/browser/features/followonsearch@mozilla.com.xpi
1518039733325	addons.xpi	DEBUG	New add-on formautofill@mozilla.org in app-system-defaults
1518039733325	addons.xpi	INFO	Mapping formautofill@mozilla.org to /Applications/Firefox.app/Contents/Resources/browser/features/formautofill@mozilla.org.xpi
1518039733325	addons.xpi	DEBUG	New add-on onboarding@mozilla.org in app-system-defaults
1518039733325	addons.xpi	INFO	Mapping onboarding@mozilla.org to /Applications/Firefox.app/Contents/Resources/browser/features/onboarding@mozilla.org.xpi
1518039733326	addons.xpi	DEBUG	New add-on screenshots@mozilla.org in app-system-defaults
1518039733326	addons.xpi	INFO	Mapping screenshots@mozilla.org to /Applications/Firefox.app/Contents/Resources/browser/features/screenshots@mozilla.org.xpi
1518039733326	addons.xpi	DEBUG	New add-on shield-recipe-client@mozilla.org in app-system-defaults
1518039733326	addons.xpi	INFO	Mapping shield-recipe-client@mozilla.org to /Applications/Firefox.app/Contents/Resources/browser/features/shield-recipe-client@mozilla.org.xpi
1518039733326	addons.xpi	DEBUG	New add-on webcompat@mozilla.org in app-system-defaults
1518039733326	addons.xpi	INFO	Mapping webcompat@mozilla.org to /Applications/Firefox.app/Contents/Resources/browser/features/webcompat@mozilla.org.xpi
1518039733327	addons.xpi	INFO	Mapping {972ce4c6-7e08-4474-a285-3208198ce6fd} to /Applications/Firefox.app/Contents/Resources/browser/extensions/{972ce4c6-7e08-4474-a285-3208198ce6fd}.xpi
1518039733327	addons.xpi	DEBUG	New add-on {972ce4c6-7e08-4474-a285-3208198ce6fd} in app-global
1518039733327	addons.xpi	INFO	Mapping {972ce4c6-7e08-4474-a285-3208198ce6fd} to /Applications/Firefox.app/Contents/Resources/browser/extensions/{972ce4c6-7e08-4474-a285-3208198ce6fd}.xpi
1518039733327	addons.xpi	DEBUG	getInstallState changed: true, state: {}
1518039733328	addons.xpi	INFO	SystemAddonInstallLocation directory is missing
1518039733336	addons.xpi-utils	DEBUG	Opening XPI database /var/folders/sr/sb9l5s5n2rv6p_4ckdf1vn340000gn/T/rust_mozprofile.lyi6PR8PnxTW/extensions.json
1518039733338	addons.xpi-utils	DEBUG	New add-on activity-stream@mozilla.org installed in app-system-defaults
*** Blocklist::_loadBlocklistFromFile: blocklist is disabled
1518039733375	addons.xpi-utils	DEBUG	New add-on aushelper@mozilla.org installed in app-system-defaults
1518039733380	addons.xpi-utils	DEBUG	New add-on firefox@getpocket.com installed in app-system-defaults
1518039733384	addons.xpi-utils	DEBUG	New add-on followonsearch@mozilla.com installed in app-system-defaults
1518039733392	addons.xpi-utils	DEBUG	New add-on formautofill@mozilla.org installed in app-system-defaults
1518039733402	addons.xpi-utils	DEBUG	New add-on onboarding@mozilla.org installed in app-system-defaults
1518039733411	addons.xpi-utils	DEBUG	New add-on screenshots@mozilla.org installed in app-system-defaults
1518039733427	addons.xpi-utils	DEBUG	New add-on shield-recipe-client@mozilla.org installed in app-system-defaults
1518039733435	addons.xpi-utils	DEBUG	New add-on webcompat@mozilla.org installed in app-system-defaults
1518039733443	addons.xpi-utils	DEBUG	New add-on {972ce4c6-7e08-4474-a285-3208198ce6fd} installed in app-global
1518039733449	addons.manager	DEBUG	Registering startup change 'installed' for activity-stream@mozilla.org
1518039733458	addons.xpi	DEBUG	Loading bootstrap scope from /Applications/Firefox.app/Contents/Resources/browser/features/activity-stream@mozilla.org.xpi
1518039733460	addons.xpi	DEBUG	Calling bootstrap method install on activity-stream@mozilla.org version 2018.01.04.0062-4997c81d
1518039733460	addons.xpi-utils	DEBUG	Make addon app-system-defaults:activity-stream@mozilla.org visible
1518039733460	addons.xpi	DEBUG	Updating XPIState for {"id":"activity-stream@mozilla.org","syncGUID":"{24179fc5-7264-2f4a-a3fe-20aa0cf0f6c5}","location":"app-system-defaults","version":"2018.01.04.0062-4997c81d","type":"extension","internalName":null,"updateURL":null,"updateKey":null,"optionsURL":null,"optionsType":null,"aboutURL":null,"defaultLocale":{"name":"Activity Stream","description":"A rich visual history feed and a reimagined home page make it easier than ever to find exactly what you're looking for in Firefox.","creator":null,"homepageURL":null},"visible":true,"active":false,"userDisabled":false,"appDisabled":false,"installDate":1518039730000,"updateDate":1518039730000,"applyBackgroundUpdates":1,"bootstrap":true,"path":"/Applications/Firefox.app/Contents/Resources/browser/features/activity-stream@mozilla.org.xpi","skinnable":false,"size":2644084,"sourceURI":null,"releaseNotesURI":null,"softDisabled":false,"foreignInstall":false,"hasBinaryComponents":false,"strictCompatibility":false,"locales":[],"targetApplications":[{"id":"{ec8030f7-c20a-464f-9b0e-13a3a9e97384}","minVersion":"58.0.1","maxVersion":"58.*"}],"targetPlatforms":[],"multiprocessCompatible":true,"seen":true,"dependencies":[],"hasEmbeddedWebExtension":false,"mpcOptedOut":false,"userPermissions":null,"icons":{},"iconURL":null,"icon64URL":null,"blocklistState":0,"blocklistURL":null,"startupData":null}
1518039733464	addons.manager	DEBUG	Registering startup change 'installed' for aushelper@mozilla.org
1518039733465	addons.xpi	DEBUG	Loading bootstrap scope from /Applications/Firefox.app/Contents/Resources/browser/features/aushelper@mozilla.org.xpi
1518039733467	addons.xpi	DEBUG	Calling bootstrap method install on aushelper@mozilla.org version 2.0
1518039733467	addons.xpi-utils	DEBUG	Make addon app-system-defaults:aushelper@mozilla.org visible
1518039733467	addons.xpi	DEBUG	Updating XPIState for {"id":"aushelper@mozilla.org","syncGUID":"{3776b3b2-5b8a-914d-9f6e-b9136e85b8df}","location":"app-system-defaults","version":"2.0","type":"extension","internalName":null,"updateURL":null,"updateKey":null,"optionsURL":null,"optionsType":null,"aboutURL":null,"defaultLocale":{"name":"Application Update Service Helper","description":"Sets value(s) in the update url based on custom checks.","creator":null,"homepageURL":null},"visible":true,"active":false,"userDisabled":false,"appDisabled":false,"installDate":1518039730000,"updateDate":1518039730000,"applyBackgroundUpdates":1,"bootstrap":true,"path":"/Applications/Firefox.app/Contents/Resources/browser/features/aushelper@mozilla.org.xpi","skinnable":false,"size":8488,"sourceURI":null,"releaseNotesURI":null,"softDisabled":false,"foreignInstall":false,"hasBinaryComponents":false,"strictCompatibility":false,"locales":[],"targetApplications":[{"id":"{ec8030f7-c20a-464f-9b0e-13a3a9e97384}","minVersion":"58.0.1","maxVersion":"58.*"}],"targetPlatforms":[],"multiprocessCompatible":true,"seen":true,"dependencies":[],"hasEmbeddedWebExtension":false,"mpcOptedOut":false,"userPermissions":null,"icons":{},"iconURL":null,"icon64URL":null,"blocklistState":0,"blocklistURL":null,"startupData":null}
1518039733467	addons.manager	DEBUG	Registering startup change 'installed' for firefox@getpocket.com
1518039733467	addons.xpi	DEBUG	Loading bootstrap scope from /Applications/Firefox.app/Contents/Resources/browser/features/firefox@getpocket.com.xpi
1518039733477	addons.xpi	DEBUG	Calling bootstrap method install on firefox@getpocket.com version 1.0.5
1518039733477	addons.xpi-utils	DEBUG	Make addon app-system-defaults:firefox@getpocket.com visible
1518039733477	addons.xpi	DEBUG	Updating XPIState for {"id":"firefox@getpocket.com","syncGUID":"{3409b768-a41f-1343-877c-4d3d5c0f3d4d}","location":"app-system-defaults","version":"1.0.5","type":"extension","internalName":null,"updateURL":null,"updateKey":null,"optionsURL":null,"optionsType":null,"aboutURL":null,"defaultLocale":{"name":"Pocket","description":"When you find something you want to view later, put it in Pocket.","creator":null,"homepageURL":null},"visible":true,"active":false,"userDisabled":false,"appDisabled":false,"installDate":1518039730000,"updateDate":1518039730000,"applyBackgroundUpdates":1,"bootstrap":true,"path":"/Applications/Firefox.app/Contents/Resources/browser/features/firefox@getpocket.com.xpi","skinnable":false,"size":917223,"sourceURI":null,"releaseNotesURI":null,"softDisabled":false,"foreignInstall":false,"hasBinaryComponents":false,"strictCompatibility":false,"locales":[],"targetApplications":[{"id":"{ec8030f7-c20a-464f-9b0e-13a3a9e97384}","minVersion":"58.0.1","maxVersion":"58.*"}],"targetPlatforms":[],"multiprocessCompatible":true,"seen":true,"dependencies":[],"hasEmbeddedWebExtension":false,"mpcOptedOut":false,"userPermissions":null,"icons":{},"iconURL":null,"icon64URL":null,"blocklistState":0,"blocklistURL":null,"startupData":null}
1518039733477	addons.manager	DEBUG	Registering startup change 'installed' for followonsearch@mozilla.com
1518039733478	addons.xpi	DEBUG	Loading bootstrap scope from /Applications/Firefox.app/Contents/Resources/browser/features/followonsearch@mozilla.com.xpi
1518039733479	addons.xpi	DEBUG	Calling bootstrap method install on followonsearch@mozilla.com version 0.9.6
1518039733479	addons.xpi-utils	DEBUG	Make addon app-system-defaults:followonsearch@mozilla.com visible
1518039733479	addons.xpi	DEBUG	Updating XPIState for {"id":"followonsearch@mozilla.com","syncGUID":"{200cfeaf-dc2a-a04a-9b20-b9c30981af92}","location":"app-system-defaults","version":"0.9.6","type":"extension","internalName":null,"updateURL":null,"updateKey":null,"optionsURL":null,"optionsType":null,"aboutURL":null,"defaultLocale":{"name":"Follow-on Search Telemetry","description":null,"creator":null,"homepageURL":null},"visible":true,"active":false,"userDisabled":false,"appDisabled":false,"installDate":1511538730000,"updateDate":1511538730000,"applyBackgroundUpdates":1,"bootstrap":true,"path":"/Applications/Firefox.app/Contents/Resources/browser/features/followonsearch@mozilla.com.xpi","skinnable":false,"size":18625,"sourceURI":null,"releaseNotesURI":null,"softDisabled":false,"foreignInstall":false,"hasBinaryComponents":false,"strictCompatibility":false,"locales":[],"targetApplications":[{"id":"{ec8030f7-c20a-464f-9b0e-13a3a9e97384}","minVersion":"52.0","maxVersion":"59.*"}],"targetPlatforms":[],"multiprocessCompatible":true,"seen":true,"dependencies":[],"hasEmbeddedWebExtension":false,"mpcOptedOut":false,"userPermissions":null,"icons":{},"iconURL":null,"icon64URL":null,"blocklistState":0,"blocklistURL":null,"startupData":null}
1518039733480	addons.manager	DEBUG	Registering startup change 'installed' for formautofill@mozilla.org
1518039733480	addons.xpi	DEBUG	Loading bootstrap scope from /Applications/Firefox.app/Contents/Resources/browser/features/formautofill@mozilla.org.xpi
1518039733481	addons.xpi	DEBUG	Calling bootstrap method install on formautofill@mozilla.org version 1.0
1518039733481	addons.xpi-utils	DEBUG	Make addon app-system-defaults:formautofill@mozilla.org visible
1518039733481	addons.xpi	DEBUG	Updating XPIState for {"id":"formautofill@mozilla.org","syncGUID":"{7b9bc80a-a29b-8249-92ab-6543a53e5c52}","location":"app-system-defaults","version":"1.0","type":"extension","internalName":null,"updateURL":null,"updateKey":null,"optionsURL":null,"optionsType":null,"aboutURL":null,"defaultLocale":{"name":"Form Autofill","description":"Autofill forms with saved profiles","creator":null,"homepageURL":null},"visible":true,"active":false,"userDisabled":false,"appDisabled":false,"installDate":1518039730000,"updateDate":1518039730000,"applyBackgroundUpdates":1,"bootstrap":true,"path":"/Applications/Firefox.app/Contents/Resources/browser/features/formautofill@mozilla.org.xpi","skinnable":false,"size":421035,"sourceURI":null,"releaseNotesURI":null,"softDisabled":false,"foreignInstall":false,"hasBinaryComponents":false,"strictCompatibility":false,"locales":[],"targetApplications":[{"id":"{ec8030f7-c20a-464f-9b0e-13a3a9e97384}","minVersion":"58.0.1","maxVersion":"58.*"}],"targetPlatforms":[],"multiprocessCompatible":true,"seen":true,"dependencies":[],"hasEmbeddedWebExtension":false,"mpcOptedOut":false,"userPermissions":null,"icons":{},"iconURL":null,"icon64URL":null,"blocklistState":0,"blocklistURL":null,"startupData":null}
1518039733481	addons.manager	DEBUG	Registering startup change 'installed' for onboarding@mozilla.org
1518039733482	addons.xpi	DEBUG	Loading bootstrap scope from /Applications/Firefox.app/Contents/Resources/browser/features/onboarding@mozilla.org.xpi
1518039733484	addons.xpi	DEBUG	Calling bootstrap method install on onboarding@mozilla.org version 1.0
1518039733484	addons.xpi-utils	DEBUG	Make addon app-system-defaults:onboarding@mozilla.org visible
1518039733484	addons.xpi	DEBUG	Updating XPIState for {"id":"onboarding@mozilla.org","syncGUID":"{dcd1ebf4-c7f5-9240-9b75-6b83091ca43a}","location":"app-system-defaults","version":"1.0","type":"extension","internalName":null,"updateURL":null,"updateKey":null,"optionsURL":null,"optionsType":null,"aboutURL":null,"defaultLocale":{"name":"Photon onboarding","description":"Photon onboarding","creator":null,"homepageURL":null},"visible":true,"active":false,"userDisabled":false,"appDisabled":false,"installDate":1518039730000,"updateDate":1518039730000,"applyBackgroundUpdates":1,"bootstrap":true,"path":"/Applications/Firefox.app/Contents/Resources/browser/features/onboarding@mozilla.org.xpi","skinnable":false,"size":546501,"sourceURI":null,"releaseNotesURI":null,"softDisabled":false,"foreignInstall":false,"hasBinaryComponents":false,"strictCompatibility":false,"locales":[],"targetApplications":[{"id":"{ec8030f7-c20a-464f-9b0e-13a3a9e97384}","minVersion":"58.0.1","maxVersion":"58.*"}],"targetPlatforms":[],"multiprocessCompatible":true,"seen":true,"dependencies":[],"hasEmbeddedWebExtension":false,"mpcOptedOut":false,"userPermissions":null,"icons":{},"iconURL":null,"icon64URL":null,"blocklistState":0,"blocklistURL":null,"startupData":null}
1518039733484	addons.manager	DEBUG	Registering startup change 'installed' for screenshots@mozilla.org
1518039733485	addons.xpi	DEBUG	Loading bootstrap scope from /Applications/Firefox.app/Contents/Resources/browser/features/screenshots@mozilla.org.xpi
1518039733486	addons.xpi	DEBUG	Calling bootstrap method install on screenshots@mozilla.org version 25.0.0
1518039733487	addons.xpi-utils	DEBUG	Make addon app-system-defaults:screenshots@mozilla.org visible
1518039733487	addons.xpi	DEBUG	Updating XPIState for {"id":"screenshots@mozilla.org","syncGUID":"{4cbecbcd-9c5d-af43-a9a1-3c9da3b57a79}","location":"app-system-defaults","version":"25.0.0","type":"extension","internalName":null,"updateURL":null,"updateKey":null,"optionsURL":null,"optionsType":null,"aboutURL":null,"defaultLocale":{"name":"Firefox Screenshots","description":null,"creator":null,"homepageURL":"https://screenshots.firefox.com/"},"visible":true,"active":false,"userDisabled":false,"appDisabled":false,"installDate":1518039730000,"updateDate":1518039730000,"applyBackgroundUpdates":1,"bootstrap":true,"path":"/Applications/Firefox.app/Contents/Resources/browser/features/screenshots@mozilla.org.xpi","skinnable":false,"size":994512,"sourceURI":null,"releaseNotesURI":null,"softDisabled":false,"foreignInstall":false,"hasBinaryComponents":false,"strictCompatibility":false,"locales":[],"targetApplications":[{"id":"{ec8030f7-c20a-464f-9b0e-13a3a9e97384}","minVersion":"57.0a1","maxVersion":"*"}],"targetPlatforms":[],"multiprocessCompatible":true,"seen":true,"dependencies":[],"hasEmbeddedWebExtension":false,"mpcOptedOut":false,"userPermissions":null,"icons":{},"iconURL":null,"icon64URL":null,"blocklistState":0,"blocklistURL":null,"startupData":null}
1518039733487	addons.manager	DEBUG	Registering startup change 'installed' for shield-recipe-client@mozilla.org
1518039733487	addons.xpi	DEBUG	Loading bootstrap scope from /Applications/Firefox.app/Contents/Resources/browser/features/shield-recipe-client@mozilla.org.xpi
1518039733490	addons.xpi	DEBUG	Calling bootstrap method install on shield-recipe-client@mozilla.org version 76.1
1518039733490	addons.xpi-utils	DEBUG	Make addon app-system-defaults:shield-recipe-client@mozilla.org visible
1518039733490	addons.xpi	DEBUG	Updating XPIState for {"id":"shield-recipe-client@mozilla.org","syncGUID":"{95558e54-6403-9f4a-82bc-4a51983f2a0f}","location":"app-system-defaults","version":"76.1","type":"extension","internalName":null,"updateURL":null,"updateKey":null,"optionsURL":null,"optionsType":null,"aboutURL":null,"defaultLocale":{"name":"Shield Recipe Client","description":"Client to download and run recipes for SHIELD, Heartbeat, etc.","creator":null,"homepageURL":null},"visible":true,"active":false,"userDisabled":false,"appDisabled":false,"installDate":1518039730000,"updateDate":1518039730000,"applyBackgroundUpdates":1,"bootstrap":true,"path":"/Applications/Firefox.app/Contents/Resources/browser/features/shield-recipe-client@mozilla.org.xpi","skinnable":false,"size":364001,"sourceURI":null,"releaseNotesURI":null,"softDisabled":false,"foreignInstall":false,"hasBinaryComponents":false,"strictCompatibility":false,"locales":[],"targetApplications":[{"id":"{ec8030f7-c20a-464f-9b0e-13a3a9e97384}","minVersion":"58.0.1","maxVersion":"58.*"}],"targetPlatforms":[],"multiprocessCompatible":true,"seen":true,"dependencies":[],"hasEmbeddedWebExtension":false,"mpcOptedOut":false,"userPermissions":null,"icons":{},"iconURL":null,"icon64URL":null,"blocklistState":0,"blocklistURL":null,"startupData":null}
1518039733490	addons.manager	DEBUG	Registering startup change 'installed' for webcompat@mozilla.org
1518039733491	addons.xpi	DEBUG	Loading bootstrap scope from /Applications/Firefox.app/Contents/Resources/browser/features/webcompat@mozilla.org.xpi
1518039733492	addons.xpi	DEBUG	Calling bootstrap method install on webcompat@mozilla.org version 1.1
1518039733492	addons.xpi-utils	DEBUG	Make addon app-system-defaults:webcompat@mozilla.org visible
1518039733492	addons.xpi	DEBUG	Updating XPIState for {"id":"webcompat@mozilla.org","syncGUID":"{47ac773b-53ad-db4b-a68d-256ea7f0df74}","location":"app-system-defaults","version":"1.1","type":"extension","internalName":null,"updateURL":null,"updateKey":null,"optionsURL":null,"optionsType":null,"aboutURL":null,"defaultLocale":{"name":"Web Compat","description":"Urgent post-release fixes for web compatibility.","creator":null,"homepageURL":null},"visible":true,"active":false,"userDisabled":false,"appDisabled":false,"installDate":1518039730000,"updateDate":1518039730000,"applyBackgroundUpdates":1,"bootstrap":true,"path":"/Applications/Firefox.app/Contents/Resources/browser/features/webcompat@mozilla.org.xpi","skinnable":false,"size":9268,"sourceURI":null,"releaseNotesURI":null,"softDisabled":false,"foreignInstall":false,"hasBinaryComponents":false,"strictCompatibility":false,"locales":[],"targetApplications":[{"id":"{ec8030f7-c20a-464f-9b0e-13a3a9e97384}","minVersion":"58.0.1","maxVersion":"58.*"}],"targetPlatforms":[],"multiprocessCompatible":true,"seen":true,"dependencies":[],"hasEmbeddedWebExtension":false,"mpcOptedOut":false,"userPermissions":null,"icons":{},"iconURL":null,"icon64URL":null,"blocklistState":0,"blocklistURL":null,"startupData":null}
1518039733493	addons.xpi-utils	DEBUG	Make addon app-global:{972ce4c6-7e08-4474-a285-3208198ce6fd} visible
1518039733493	addons.xpi	DEBUG	Updating XPIState for {"id":"{972ce4c6-7e08-4474-a285-3208198ce6fd}","syncGUID":"{28b1216f-6a8d-484c-9189-dd1525ee357d}","location":"app-global","version":"58.0.1","type":"theme","internalName":"classic/1.0","updateURL":null,"updateKey":null,"optionsURL":null,"optionsType":null,"optionsBrowserStyle":null,"aboutURL":null,"defaultLocale":{"name":"Default","description":"The default theme.","creator":"Mozilla","homepageURL":null,"contributors":["Mozilla Contributors"]},"visible":true,"active":false,"userDisabled":false,"appDisabled":false,"installDate":1518039730000,"updateDate":1518039730000,"applyBackgroundUpdates":1,"path":"/Applications/Firefox.app/Contents/Resources/browser/extensions/{972ce4c6-7e08-4474-a285-3208198ce6fd}.xpi","skinnable":true,"size":1903,"sourceURI":null,"releaseNotesURI":null,"softDisabled":false,"foreignInstall":false,"hasBinaryComponents":false,"strictCompatibility":true,"locales":[],"targetApplications":[{"id":"{ec8030f7-c20a-464f-9b0e-13a3a9e97384}","minVersion":"58.0.1","maxVersion":"58.0.1"}],"targetPlatforms":[],"seen":true,"dependencies":[],"hasEmbeddedWebExtension":false,"userPermissions":null,"icons":{},"iconURL":"chrome://browser/content/default-theme-icon.svg","icon64URL":null,"blocklistState":0,"blocklistURL":null,"startupData":null}
1518039733493	addons.xpi	DEBUG	Updating XPIState for {"id":"activity-stream@mozilla.org","syncGUID":"{24179fc5-7264-2f4a-a3fe-20aa0cf0f6c5}","location":"app-system-defaults","version":"2018.01.04.0062-4997c81d","type":"extension","internalName":null,"updateURL":null,"updateKey":null,"optionsURL":null,"optionsType":null,"aboutURL":null,"defaultLocale":{"name":"Activity Stream","description":"A rich visual history feed and a reimagined home page make it easier than ever to find exactly what you're looking for in Firefox.","creator":null,"homepageURL":null},"visible":true,"active":true,"userDisabled":false,"appDisabled":false,"installDate":1518039730000,"updateDate":1518039730000,"applyBackgroundUpdates":1,"bootstrap":true,"path":"/Applications/Firefox.app/Contents/Resources/browser/features/activity-stream@mozilla.org.xpi","skinnable":false,"size":2644084,"sourceURI":null,"releaseNotesURI":null,"softDisabled":false,"foreignInstall":false,"hasBinaryComponents":false,"strictCompatibility":false,"locales":[],"targetApplications":[{"id":"{ec8030f7-c20a-464f-9b0e-13a3a9e97384}","minVersion":"58.0.1","maxVersion":"58.*"}],"targetPlatforms":[],"multiprocessCompatible":true,"seen":true,"dependencies":[],"hasEmbeddedWebExtension":false,"mpcOptedOut":false,"userPermissions":null,"icons":{},"iconURL":null,"icon64URL":null,"blocklistState":0,"blocklistURL":null,"startupData":null}
1518039733494	addons.xpi	DEBUG	Updating XPIState for {"id":"aushelper@mozilla.org","syncGUID":"{3776b3b2-5b8a-914d-9f6e-b9136e85b8df}","location":"app-system-defaults","version":"2.0","type":"extension","internalName":null,"updateURL":null,"updateKey":null,"optionsURL":null,"optionsType":null,"aboutURL":null,"defaultLocale":{"name":"Application Update Service Helper","description":"Sets value(s) in the update url based on custom checks.","creator":null,"homepageURL":null},"visible":true,"active":true,"userDisabled":false,"appDisabled":false,"installDate":1518039730000,"updateDate":1518039730000,"applyBackgroundUpdates":1,"bootstrap":true,"path":"/Applications/Firefox.app/Contents/Resources/browser/features/aushelper@mozilla.org.xpi","skinnable":false,"size":8488,"sourceURI":null,"releaseNotesURI":null,"softDisabled":false,"foreignInstall":false,"hasBinaryComponents":false,"strictCompatibility":false,"locales":[],"targetApplications":[{"id":"{ec8030f7-c20a-464f-9b0e-13a3a9e97384}","minVersion":"58.0.1","maxVersion":"58.*"}],"targetPlatforms":[],"multiprocessCompatible":true,"seen":true,"dependencies":[],"hasEmbeddedWebExtension":false,"mpcOptedOut":false,"userPermissions":null,"icons":{},"iconURL":null,"icon64URL":null,"blocklistState":0,"blocklistURL":null,"startupData":null}
1518039733495	addons.xpi	DEBUG	Updating XPIState for {"id":"firefox@getpocket.com","syncGUID":"{3409b768-a41f-1343-877c-4d3d5c0f3d4d}","location":"app-system-defaults","version":"1.0.5","type":"extension","internalName":null,"updateURL":null,"updateKey":null,"optionsURL":null,"optionsType":null,"aboutURL":null,"defaultLocale":{"name":"Pocket","description":"When you find something you want to view later, put it in Pocket.","creator":null,"homepageURL":null},"visible":true,"active":true,"userDisabled":false,"appDisabled":false,"installDate":1518039730000,"updateDate":1518039730000,"applyBackgroundUpdates":1,"bootstrap":true,"path":"/Applications/Firefox.app/Contents/Resources/browser/features/firefox@getpocket.com.xpi","skinnable":false,"size":917223,"sourceURI":null,"releaseNotesURI":null,"softDisabled":false,"foreignInstall":false,"hasBinaryComponents":false,"strictCompatibility":false,"locales":[],"targetApplications":[{"id":"{ec8030f7-c20a-464f-9b0e-13a3a9e97384}","minVersion":"58.0.1","maxVersion":"58.*"}],"targetPlatforms":[],"multiprocessCompatible":true,"seen":true,"dependencies":[],"hasEmbeddedWebExtension":false,"mpcOptedOut":false,"userPermissions":null,"icons":{},"iconURL":null,"icon64URL":null,"blocklistState":0,"blocklistURL":null,"startupData":null}
1518039733495	addons.xpi	DEBUG	Updating XPIState for {"id":"followonsearch@mozilla.com","syncGUID":"{200cfeaf-dc2a-a04a-9b20-b9c30981af92}","location":"app-system-defaults","version":"0.9.6","type":"extension","internalName":null,"updateURL":null,"updateKey":null,"optionsURL":null,"optionsType":null,"aboutURL":null,"defaultLocale":{"name":"Follow-on Search Telemetry","description":null,"creator":null,"homepageURL":null},"visible":true,"active":true,"userDisabled":false,"appDisabled":false,"installDate":1511538730000,"updateDate":1511538730000,"applyBackgroundUpdates":1,"bootstrap":true,"path":"/Applications/Firefox.app/Contents/Resources/browser/features/followonsearch@mozilla.com.xpi","skinnable":false,"size":18625,"sourceURI":null,"releaseNotesURI":null,"softDisabled":false,"foreignInstall":false,"hasBinaryComponents":false,"strictCompatibility":false,"locales":[],"targetApplications":[{"id":"{ec8030f7-c20a-464f-9b0e-13a3a9e97384}","minVersion":"52.0","maxVersion":"59.*"}],"targetPlatforms":[],"multiprocessCompatible":true,"seen":true,"dependencies":[],"hasEmbeddedWebExtension":false,"mpcOptedOut":false,"userPermissions":null,"icons":{},"iconURL":null,"icon64URL":null,"blocklistState":0,"blocklistURL":null,"startupData":null}
1518039733495	addons.xpi	DEBUG	Updating XPIState for {"id":"formautofill@mozilla.org","syncGUID":"{7b9bc80a-a29b-8249-92ab-6543a53e5c52}","location":"app-system-defaults","version":"1.0","type":"extension","internalName":null,"updateURL":null,"updateKey":null,"optionsURL":null,"optionsType":null,"aboutURL":null,"defaultLocale":{"name":"Form Autofill","description":"Autofill forms with saved profiles","creator":null,"homepageURL":null},"visible":true,"active":true,"userDisabled":false,"appDisabled":false,"installDate":1518039730000,"updateDate":1518039730000,"applyBackgroundUpdates":1,"bootstrap":true,"path":"/Applications/Firefox.app/Contents/Resources/browser/features/formautofill@mozilla.org.xpi","skinnable":false,"size":421035,"sourceURI":null,"releaseNotesURI":null,"softDisabled":false,"foreignInstall":false,"hasBinaryComponents":false,"strictCompatibility":false,"locales":[],"targetApplications":[{"id":"{ec8030f7-c20a-464f-9b0e-13a3a9e97384}","minVersion":"58.0.1","maxVersion":"58.*"}],"targetPlatforms":[],"multiprocessCompatible":true,"seen":true,"dependencies":[],"hasEmbeddedWebExtension":false,"mpcOptedOut":false,"userPermissions":null,"icons":{},"iconURL":null,"icon64URL":null,"blocklistState":0,"blocklistURL":null,"startupData":null}
1518039733495	addons.xpi	DEBUG	Updating XPIState for {"id":"onboarding@mozilla.org","syncGUID":"{dcd1ebf4-c7f5-9240-9b75-6b83091ca43a}","location":"app-system-defaults","version":"1.0","type":"extension","internalName":null,"updateURL":null,"updateKey":null,"optionsURL":null,"optionsType":null,"aboutURL":null,"defaultLocale":{"name":"Photon onboarding","description":"Photon onboarding","creator":null,"homepageURL":null},"visible":true,"active":true,"userDisabled":false,"appDisabled":false,"installDate":1518039730000,"updateDate":1518039730000,"applyBackgroundUpdates":1,"bootstrap":true,"path":"/Applications/Firefox.app/Contents/Resources/browser/features/onboarding@mozilla.org.xpi","skinnable":false,"size":546501,"sourceURI":null,"releaseNotesURI":null,"softDisabled":false,"foreignInstall":false,"hasBinaryComponents":false,"strictCompatibility":false,"locales":[],"targetApplications":[{"id":"{ec8030f7-c20a-464f-9b0e-13a3a9e97384}","minVersion":"58.0.1","maxVersion":"58.*"}],"targetPlatforms":[],"multiprocessCompatible":true,"seen":true,"dependencies":[],"hasEmbeddedWebExtension":false,"mpcOptedOut":false,"userPermissions":null,"icons":{},"iconURL":null,"icon64URL":null,"blocklistState":0,"blocklistURL":null,"startupData":null}
1518039733495	addons.xpi	DEBUG	Updating XPIState for {"id":"screenshots@mozilla.org","syncGUID":"{4cbecbcd-9c5d-af43-a9a1-3c9da3b57a79}","location":"app-system-defaults","version":"25.0.0","type":"extension","internalName":null,"updateURL":null,"updateKey":null,"optionsURL":null,"optionsType":null,"aboutURL":null,"defaultLocale":{"name":"Firefox Screenshots","description":null,"creator":null,"homepageURL":"https://screenshots.firefox.com/"},"visible":true,"active":true,"userDisabled":false,"appDisabled":false,"installDate":1518039730000,"updateDate":1518039730000,"applyBackgroundUpdates":1,"bootstrap":true,"path":"/Applications/Firefox.app/Contents/Resources/browser/features/screenshots@mozilla.org.xpi","skinnable":false,"size":994512,"sourceURI":null,"releaseNotesURI":null,"softDisabled":false,"foreignInstall":false,"hasBinaryComponents":false,"strictCompatibility":false,"locales":[],"targetApplications":[{"id":"{ec8030f7-c20a-464f-9b0e-13a3a9e97384}","minVersion":"57.0a1","maxVersion":"*"}],"targetPlatforms":[],"multiprocessCompatible":true,"seen":true,"dependencies":[],"hasEmbeddedWebExtension":false,"mpcOptedOut":false,"userPermissions":null,"icons":{},"iconURL":null,"icon64URL":null,"blocklistState":0,"blocklistURL":null,"startupData":null}
1518039733495	addons.xpi	DEBUG	Updating XPIState for {"id":"shield-recipe-client@mozilla.org","syncGUID":"{95558e54-6403-9f4a-82bc-4a51983f2a0f}","location":"app-system-defaults","version":"76.1","type":"extension","internalName":null,"updateURL":null,"updateKey":null,"optionsURL":null,"optionsType":null,"aboutURL":null,"defaultLocale":{"name":"Shield Recipe Client","description":"Client to download and run recipes for SHIELD, Heartbeat, etc.","creator":null,"homepageURL":null},"visible":true,"active":true,"userDisabled":false,"appDisabled":false,"installDate":1518039730000,"updateDate":1518039730000,"applyBackgroundUpdates":1,"bootstrap":true,"path":"/Applications/Firefox.app/Contents/Resources/browser/features/shield-recipe-client@mozilla.org.xpi","skinnable":false,"size":364001,"sourceURI":null,"releaseNotesURI":null,"softDisabled":false,"foreignInstall":false,"hasBinaryComponents":false,"strictCompatibility":false,"locales":[],"targetApplications":[{"id":"{ec8030f7-c20a-464f-9b0e-13a3a9e97384}","minVersion":"58.0.1","maxVersion":"58.*"}],"targetPlatforms":[],"multiprocessCompatible":true,"seen":true,"dependencies":[],"hasEmbeddedWebExtension":false,"mpcOptedOut":false,"userPermissions":null,"icons":{},"iconURL":null,"icon64URL":null,"blocklistState":0,"blocklistURL":null,"startupData":null}
1518039733496	addons.xpi	DEBUG	Updating XPIState for {"id":"webcompat@mozilla.org","syncGUID":"{47ac773b-53ad-db4b-a68d-256ea7f0df74}","location":"app-system-defaults","version":"1.1","type":"extension","internalName":null,"updateURL":null,"updateKey":null,"optionsURL":null,"optionsType":null,"aboutURL":null,"defaultLocale":{"name":"Web Compat","description":"Urgent post-release fixes for web compatibility.","creator":null,"homepageURL":null},"visible":true,"active":true,"userDisabled":false,"appDisabled":false,"installDate":1518039730000,"updateDate":1518039730000,"applyBackgroundUpdates":1,"bootstrap":true,"path":"/Applications/Firefox.app/Contents/Resources/browser/features/webcompat@mozilla.org.xpi","skinnable":false,"size":9268,"sourceURI":null,"releaseNotesURI":null,"softDisabled":false,"foreignInstall":false,"hasBinaryComponents":false,"strictCompatibility":false,"locales":[],"targetApplications":[{"id":"{ec8030f7-c20a-464f-9b0e-13a3a9e97384}","minVersion":"58.0.1","maxVersion":"58.*"}],"targetPlatforms":[],"multiprocessCompatible":true,"seen":true,"dependencies":[],"hasEmbeddedWebExtension":false,"mpcOptedOut":false,"userPermissions":null,"icons":{},"iconURL":null,"icon64URL":null,"blocklistState":0,"blocklistURL":null,"startupData":null}
1518039733496	addons.xpi	DEBUG	Updating XPIState for {"id":"{972ce4c6-7e08-4474-a285-3208198ce6fd}","syncGUID":"{28b1216f-6a8d-484c-9189-dd1525ee357d}","location":"app-global","version":"58.0.1","type":"theme","internalName":"classic/1.0","updateURL":null,"updateKey":null,"optionsURL":null,"optionsType":null,"optionsBrowserStyle":null,"aboutURL":null,"defaultLocale":{"name":"Default","description":"The default theme.","creator":"Mozilla","homepageURL":null,"contributors":["Mozilla Contributors"]},"visible":true,"active":true,"userDisabled":false,"appDisabled":false,"installDate":1518039730000,"updateDate":1518039730000,"applyBackgroundUpdates":1,"path":"/Applications/Firefox.app/Contents/Resources/browser/extensions/{972ce4c6-7e08-4474-a285-3208198ce6fd}.xpi","skinnable":true,"size":1903,"sourceURI":null,"releaseNotesURI":null,"softDisabled":false,"foreignInstall":false,"hasBinaryComponents":false,"strictCompatibility":true,"locales":[],"targetApplications":[{"id":"{ec8030f7-c20a-464f-9b0e-13a3a9e97384}","minVersion":"58.0.1","maxVersion":"58.0.1"}],"targetPlatforms":[],"seen":true,"dependencies":[],"hasEmbeddedWebExtension":false,"userPermissions":null,"icons":{},"iconURL":"chrome://browser/content/default-theme-icon.svg","icon64URL":null,"blocklistState":0,"blocklistURL":null,"startupData":null}
1518039733496	addons.xpi	DEBUG	Updating database with changes to installed add-ons
1518039733496	addons.xpi-utils	DEBUG	Updating add-on states
1518039733500	addons.xpi	DEBUG	Registering manifest for /Applications/Firefox.app/Contents/Resources/browser/features/activity-stream@mozilla.org.xpi
1518039733501	addons.xpi	DEBUG	Calling bootstrap method startup on activity-stream@mozilla.org version 2018.01.04.0062-4997c81d
1518039733501	addons.xpi	DEBUG	Registering manifest for /Applications/Firefox.app/Contents/Resources/browser/features/aushelper@mozilla.org.xpi
1518039733502	addons.xpi	DEBUG	Calling bootstrap method startup on aushelper@mozilla.org version 2.0
1518039733502	addons.xpi	DEBUG	Registering manifest for /Applications/Firefox.app/Contents/Resources/browser/features/firefox@getpocket.com.xpi
1518039733502	addons.xpi	DEBUG	Calling bootstrap method startup on firefox@getpocket.com version 1.0.5
1518039733517	addons.xpi	DEBUG	Registering manifest for /Applications/Firefox.app/Contents/Resources/browser/features/followonsearch@mozilla.com.xpi
1518039733518	addons.xpi	DEBUG	Calling bootstrap method startup on followonsearch@mozilla.com version 0.9.6
1518039733518	addons.xpi	DEBUG	Registering manifest for /Applications/Firefox.app/Contents/Resources/browser/features/formautofill@mozilla.org.xpi
1518039733519	addons.xpi	DEBUG	Calling bootstrap method startup on formautofill@mozilla.org version 1.0
1518039733519	addons.xpi	DEBUG	Registering manifest for /Applications/Firefox.app/Contents/Resources/browser/features/onboarding@mozilla.org.xpi
1518039733520	addons.xpi	DEBUG	Calling bootstrap method startup on onboarding@mozilla.org version 1.0
1518039733520	addons.xpi	DEBUG	Registering manifest for /Applications/Firefox.app/Contents/Resources/browser/features/screenshots@mozilla.org.xpi
1518039733520	addons.xpi	DEBUG	Calling bootstrap method startup on screenshots@mozilla.org version 25.0.0
1518039733521	addons.xpi	DEBUG	Registering manifest for /Applications/Firefox.app/Contents/Resources/browser/features/shield-recipe-client@mozilla.org.xpi
1518039733521	addons.xpi	DEBUG	Calling bootstrap method startup on shield-recipe-client@mozilla.org version 76.1
1518039733536	addons.xpi	DEBUG	Registering manifest for /Applications/Firefox.app/Contents/Resources/browser/features/webcompat@mozilla.org.xpi
1518039733537	addons.xpi	DEBUG	Calling bootstrap method startup on webcompat@mozilla.org version 1.1
1518039733543	addons.manager	DEBUG	Registering shutdown blocker for XPIProvider
1518039733543	addons.manager	DEBUG	Provider finished startup: XPIProvider
1518039733543	addons.manager	DEBUG	Starting provider: LightweightThemeManager
1518039733543	addons.manager	DEBUG	Registering shutdown blocker for LightweightThemeManager
1518039733543	addons.manager	DEBUG	Provider finished startup: LightweightThemeManager
1518039733544	addons.manager	DEBUG	Starting provider: GMPProvider
1518039733549	addons.manager	DEBUG	Registering shutdown blocker for GMPProvider
1518039733549	addons.manager	DEBUG	Provider finished startup: GMPProvider
1518039733549	addons.manager	DEBUG	Starting provider: PluginProvider
1518039733549	addons.manager	DEBUG	Registering shutdown blocker for PluginProvider
1518039733549	addons.manager	DEBUG	Provider finished startup: PluginProvider
1518039733550	addons.manager	DEBUG	Completed startup sequence
1518039734183	Marionette	INFO	Enabled via --marionette
1518039734409	addons.manager	DEBUG	Starting provider: PreviousExperimentProvider
1518039734410	addons.manager	DEBUG	Registering shutdown blocker for PreviousExperimentProvider
1518039734410	addons.manager	DEBUG	Provider finished startup: PreviousExperimentProvider
2018-02-07 23:42:16.030 plugin-container[4043:563142] *** CFMessagePort: bootstrap_register(): failed 1100 (0x44c) 'Permission denied', port = 0xa22f, name = 'com.apple.tsm.portname'
See /usr/include/servers/bootstrap_defs.h for the error codes.
1518039736174	addons.xpi-utils	DEBUG	XPI Database saved, setting schema version preference to 23
1518039736478	addons.xpi	INFO	Mapping activity-stream@mozilla.org to /Applications/Firefox.app/Contents/Resources/browser/features/activity-stream@mozilla.org.xpi
1518039736478	addons.xpi	INFO	Mapping aushelper@mozilla.org to /Applications/Firefox.app/Contents/Resources/browser/features/aushelper@mozilla.org.xpi
1518039736478	addons.xpi	INFO	Mapping firefox@getpocket.com to /Applications/Firefox.app/Contents/Resources/browser/features/firefox@getpocket.com.xpi
1518039736478	addons.xpi	INFO	Mapping followonsearch@mozilla.com to /Applications/Firefox.app/Contents/Resources/browser/features/followonsearch@mozilla.com.xpi
1518039736478	addons.xpi	INFO	Mapping formautofill@mozilla.org to /Applications/Firefox.app/Contents/Resources/browser/features/formautofill@mozilla.org.xpi
1518039736478	addons.xpi	INFO	Mapping onboarding@mozilla.org to /Applications/Firefox.app/Contents/Resources/browser/features/onboarding@mozilla.org.xpi
1518039736478	addons.xpi	INFO	Mapping screenshots@mozilla.org to /Applications/Firefox.app/Contents/Resources/browser/features/screenshots@mozilla.org.xpi
1518039736478	addons.xpi	INFO	Mapping shield-recipe-client@mozilla.org to /Applications/Firefox.app/Contents/Resources/browser/features/shield-recipe-client@mozilla.org.xpi
1518039736478	addons.xpi	INFO	Mapping webcompat@mozilla.org to /Applications/Firefox.app/Contents/Resources/browser/features/webcompat@mozilla.org.xpi
1518039736479	addons.xpi	DEBUG	Existing add-on activity-stream@mozilla.org in app-system-defaults
1518039736479	addons.xpi	DEBUG	Existing add-on aushelper@mozilla.org in app-system-defaults
1518039736479	addons.xpi	DEBUG	Existing add-on firefox@getpocket.com in app-system-defaults
1518039736480	addons.xpi	DEBUG	Existing add-on followonsearch@mozilla.com in app-system-defaults
1518039736480	addons.xpi	DEBUG	Existing add-on formautofill@mozilla.org in app-system-defaults
1518039736480	addons.xpi	DEBUG	Existing add-on onboarding@mozilla.org in app-system-defaults
1518039736480	addons.xpi	DEBUG	Existing add-on screenshots@mozilla.org in app-system-defaults
1518039736480	addons.xpi	DEBUG	Existing add-on shield-recipe-client@mozilla.org in app-system-defaults
1518039736480	addons.xpi	DEBUG	Existing add-on webcompat@mozilla.org in app-system-defaults
1518039736481	addons.xpi	INFO	Mapping {972ce4c6-7e08-4474-a285-3208198ce6fd} to /Applications/Firefox.app/Contents/Resources/browser/extensions/{972ce4c6-7e08-4474-a285-3208198ce6fd}.xpi
1518039736481	addons.xpi	DEBUG	Existing add-on {972ce4c6-7e08-4474-a285-3208198ce6fd} in app-global
1518039736481	addons.xpi	DEBUG	getInstallState changed: false, state: {}
1518039736726	Marionette	INFO	Listening on port 63146
2018-02-07 23:42:17.225 plugin-container[4044:563225] *** CFMessagePort: bootstrap_register(): failed 1100 (0x44c) 'Permission denied', port = 0xa037, name = 'com.apple.tsm.portname'
See /usr/include/servers/bootstrap_defs.h for the error codes.
1518039773463	geckodriver	INFO	geckodriver 0.19.1
1518039773573	geckodriver	INFO	Listening on 127.0.0.1:63228
1518039774671	mozrunner::runner	INFO	Running command: "/Applications/Firefox.app/Contents/MacOS/firefox-bin" "-marionette" "-profile" "/var/folders/sr/sb9l5s5n2rv6p_4ckdf1vn340000gn/T/rust_mozprofile.BrhpFxLT3LWm"
1518039775081	addons.manager	DEBUG	Application has been upgraded
1518039775113	addons.manager	DEBUG	Loaded provider scope for resource://gre/modules/addons/XPIProvider.jsm: ["XPIProvider", "XPIInternal"]
1518039775115	addons.manager	DEBUG	Loaded provider scope for resource://gre/modules/LightweightThemeManager.jsm: ["LightweightThemeManager"]
1518039775136	addons.manager	DEBUG	Loaded provider scope for resource://gre/modules/addons/GMPProvider.jsm
1518039775138	addons.manager	DEBUG	Loaded provider scope for resource://gre/modules/addons/PluginProvider.jsm
1518039775138	addons.manager	DEBUG	Starting provider: XPIProvider
1518039775138	addons.xpi	DEBUG	startup
1518039775139	addons.xpi	INFO	SystemAddonInstallLocation directory is missing
1518039775139	addons.xpi	INFO	Removing all system add-on upgrades.
1518039775139	addons.xpi	DEBUG	checkForChanges
1518039775139	addons.xpi	DEBUG	Loaded add-on state: ${}
1518039775140	addons.xpi	INFO	Mapping activity-stream@mozilla.org to /Applications/Firefox.app/Contents/Resources/browser/features/activity-stream@mozilla.org.xpi
1518039775140	addons.xpi	INFO	Mapping aushelper@mozilla.org to /Applications/Firefox.app/Contents/Resources/browser/features/aushelper@mozilla.org.xpi
1518039775140	addons.xpi	INFO	Mapping firefox@getpocket.com to /Applications/Firefox.app/Contents/Resources/browser/features/firefox@getpocket.com.xpi
1518039775141	addons.xpi	INFO	Mapping followonsearch@mozilla.com to /Applications/Firefox.app/Contents/Resources/browser/features/followonsearch@mozilla.com.xpi
1518039775141	addons.xpi	INFO	Mapping formautofill@mozilla.org to /Applications/Firefox.app/Contents/Resources/browser/features/formautofill@mozilla.org.xpi
1518039775141	addons.xpi	INFO	Mapping onboarding@mozilla.org to /Applications/Firefox.app/Contents/Resources/browser/features/onboarding@mozilla.org.xpi
1518039775141	addons.xpi	INFO	Mapping screenshots@mozilla.org to /Applications/Firefox.app/Contents/Resources/browser/features/screenshots@mozilla.org.xpi
1518039775141	addons.xpi	INFO	Mapping shield-recipe-client@mozilla.org to /Applications/Firefox.app/Contents/Resources/browser/features/shield-recipe-client@mozilla.org.xpi
1518039775141	addons.xpi	INFO	Mapping webcompat@mozilla.org to /Applications/Firefox.app/Contents/Resources/browser/features/webcompat@mozilla.org.xpi
1518039775142	addons.xpi	DEBUG	New add-on activity-stream@mozilla.org in app-system-defaults
1518039775143	addons.xpi	INFO	Mapping activity-stream@mozilla.org to /Applications/Firefox.app/Contents/Resources/browser/features/activity-stream@mozilla.org.xpi
1518039775144	addons.xpi	DEBUG	New add-on aushelper@mozilla.org in app-system-defaults
1518039775144	addons.xpi	INFO	Mapping aushelper@mozilla.org to /Applications/Firefox.app/Contents/Resources/browser/features/aushelper@mozilla.org.xpi
1518039775145	addons.xpi	DEBUG	New add-on firefox@getpocket.com in app-system-defaults
1518039775146	addons.xpi	INFO	Mapping firefox@getpocket.com to /Applications/Firefox.app/Contents/Resources/browser/features/firefox@getpocket.com.xpi
1518039775146	addons.xpi	DEBUG	New add-on followonsearch@mozilla.com in app-system-defaults
1518039775146	addons.xpi	INFO	Mapping followonsearch@mozilla.com to /Applications/Firefox.app/Contents/Resources/browser/features/followonsearch@mozilla.com.xpi
1518039775146	addons.xpi	DEBUG	New add-on formautofill@mozilla.org in app-system-defaults
1518039775147	addons.xpi	INFO	Mapping formautofill@mozilla.org to /Applications/Firefox.app/Contents/Resources/browser/features/formautofill@mozilla.org.xpi
1518039775147	addons.xpi	DEBUG	New add-on onboarding@mozilla.org in app-system-defaults
1518039775147	addons.xpi	INFO	Mapping onboarding@mozilla.org to /Applications/Firefox.app/Contents/Resources/browser/features/onboarding@mozilla.org.xpi
1518039775147	addons.xpi	DEBUG	New add-on screenshots@mozilla.org in app-system-defaults
1518039775147	addons.xpi	INFO	Mapping screenshots@mozilla.org to /Applications/Firefox.app/Contents/Resources/browser/features/screenshots@mozilla.org.xpi
1518039775148	addons.xpi	DEBUG	New add-on shield-recipe-client@mozilla.org in app-system-defaults
1518039775148	addons.xpi	INFO	Mapping shield-recipe-client@mozilla.org to /Applications/Firefox.app/Contents/Resources/browser/features/shield-recipe-client@mozilla.org.xpi
1518039775148	addons.xpi	DEBUG	New add-on webcompat@mozilla.org in app-system-defaults
1518039775148	addons.xpi	INFO	Mapping webcompat@mozilla.org to /Applications/Firefox.app/Contents/Resources/browser/features/webcompat@mozilla.org.xpi
1518039775149	addons.xpi	INFO	Mapping {972ce4c6-7e08-4474-a285-3208198ce6fd} to /Applications/Firefox.app/Contents/Resources/browser/extensions/{972ce4c6-7e08-4474-a285-3208198ce6fd}.xpi
1518039775149	addons.xpi	DEBUG	New add-on {972ce4c6-7e08-4474-a285-3208198ce6fd} in app-global
1518039775149	addons.xpi	INFO	Mapping {972ce4c6-7e08-4474-a285-3208198ce6fd} to /Applications/Firefox.app/Contents/Resources/browser/extensions/{972ce4c6-7e08-4474-a285-3208198ce6fd}.xpi
1518039775149	addons.xpi	DEBUG	getInstallState changed: true, state: {}
1518039775149	addons.xpi	INFO	SystemAddonInstallLocation directory is missing
1518039775154	addons.xpi-utils	DEBUG	Opening XPI database /var/folders/sr/sb9l5s5n2rv6p_4ckdf1vn340000gn/T/rust_mozprofile.BrhpFxLT3LWm/extensions.json
1518039775155	addons.xpi-utils	DEBUG	New add-on activity-stream@mozilla.org installed in app-system-defaults
*** Blocklist::_loadBlocklistFromFile: blocklist is disabled
1518039775182	addons.xpi-utils	DEBUG	New add-on aushelper@mozilla.org installed in app-system-defaults
1518039775187	addons.xpi-utils	DEBUG	New add-on firefox@getpocket.com installed in app-system-defaults
1518039775190	addons.xpi-utils	DEBUG	New add-on followonsearch@mozilla.com installed in app-system-defaults
1518039775196	addons.xpi-utils	DEBUG	New add-on formautofill@mozilla.org installed in app-system-defaults
1518039775213	addons.xpi-utils	DEBUG	New add-on onboarding@mozilla.org installed in app-system-defaults
1518039775219	addons.xpi-utils	DEBUG	New add-on screenshots@mozilla.org installed in app-system-defaults
1518039775226	addons.xpi-utils	DEBUG	New add-on shield-recipe-client@mozilla.org installed in app-system-defaults
1518039775229	addons.xpi-utils	DEBUG	New add-on webcompat@mozilla.org installed in app-system-defaults
1518039775231	addons.xpi-utils	DEBUG	New add-on {972ce4c6-7e08-4474-a285-3208198ce6fd} installed in app-global
1518039775237	addons.manager	DEBUG	Registering startup change 'installed' for activity-stream@mozilla.org
1518039775243	addons.xpi	DEBUG	Loading bootstrap scope from /Applications/Firefox.app/Contents/Resources/browser/features/activity-stream@mozilla.org.xpi
1518039775246	addons.xpi	DEBUG	Calling bootstrap method install on activity-stream@mozilla.org version 2018.01.04.0062-4997c81d
1518039775246	addons.xpi-utils	DEBUG	Make addon app-system-defaults:activity-stream@mozilla.org visible
1518039775246	addons.xpi	DEBUG	Updating XPIState for {"id":"activity-stream@mozilla.org","syncGUID":"{58d817ad-93f3-eb4b-a8fb-d28fb2560a56}","location":"app-system-defaults","version":"2018.01.04.0062-4997c81d","type":"extension","internalName":null,"updateURL":null,"updateKey":null,"optionsURL":null,"optionsType":null,"aboutURL":null,"defaultLocale":{"name":"Activity Stream","description":"A rich visual history feed and a reimagined home page make it easier than ever to find exactly what you're looking for in Firefox.","creator":null,"homepageURL":null},"visible":true,"active":false,"userDisabled":false,"appDisabled":false,"installDate":1518039730000,"updateDate":1518039730000,"applyBackgroundUpdates":1,"bootstrap":true,"path":"/Applications/Firefox.app/Contents/Resources/browser/features/activity-stream@mozilla.org.xpi","skinnable":false,"size":2644084,"sourceURI":null,"releaseNotesURI":null,"softDisabled":false,"foreignInstall":false,"hasBinaryComponents":false,"strictCompatibility":false,"locales":[],"targetApplications":[{"id":"{ec8030f7-c20a-464f-9b0e-13a3a9e97384}","minVersion":"58.0.1","maxVersion":"58.*"}],"targetPlatforms":[],"multiprocessCompatible":true,"seen":true,"dependencies":[],"hasEmbeddedWebExtension":false,"mpcOptedOut":false,"userPermissions":null,"icons":{},"iconURL":null,"icon64URL":null,"blocklistState":0,"blocklistURL":null,"startupData":null}
1518039775247	addons.manager	DEBUG	Registering startup change 'installed' for aushelper@mozilla.org
1518039775248	addons.xpi	DEBUG	Loading bootstrap scope from /Applications/Firefox.app/Contents/Resources/browser/features/aushelper@mozilla.org.xpi
1518039775250	addons.xpi	DEBUG	Calling bootstrap method install on aushelper@mozilla.org version 2.0
1518039775250	addons.xpi-utils	DEBUG	Make addon app-system-defaults:aushelper@mozilla.org visible
1518039775251	addons.xpi	DEBUG	Updating XPIState for {"id":"aushelper@mozilla.org","syncGUID":"{2ec4c9b1-aa7f-e24d-948f-65a5658dee35}","location":"app-system-defaults","version":"2.0","type":"extension","internalName":null,"updateURL":null,"updateKey":null,"optionsURL":null,"optionsType":null,"aboutURL":null,"defaultLocale":{"name":"Application Update Service Helper","description":"Sets value(s) in the update url based on custom checks.","creator":null,"homepageURL":null},"visible":true,"active":false,"userDisabled":false,"appDisabled":false,"installDate":1518039730000,"updateDate":1518039730000,"applyBackgroundUpdates":1,"bootstrap":true,"path":"/Applications/Firefox.app/Contents/Resources/browser/features/aushelper@mozilla.org.xpi","skinnable":false,"size":8488,"sourceURI":null,"releaseNotesURI":null,"softDisabled":false,"foreignInstall":false,"hasBinaryComponents":false,"strictCompatibility":false,"locales":[],"targetApplications":[{"id":"{ec8030f7-c20a-464f-9b0e-13a3a9e97384}","minVersion":"58.0.1","maxVersion":"58.*"}],"targetPlatforms":[],"multiprocessCompatible":true,"seen":true,"dependencies":[],"hasEmbeddedWebExtension":false,"mpcOptedOut":false,"userPermissions":null,"icons":{},"iconURL":null,"icon64URL":null,"blocklistState":0,"blocklistURL":null,"startupData":null}
1518039775251	addons.manager	DEBUG	Registering startup change 'installed' for firefox@getpocket.com
1518039775251	addons.xpi	DEBUG	Loading bootstrap scope from /Applications/Firefox.app/Contents/Resources/browser/features/firefox@getpocket.com.xpi
1518039775255	addons.xpi	DEBUG	Calling bootstrap method install on firefox@getpocket.com version 1.0.5
1518039775255	addons.xpi-utils	DEBUG	Make addon app-system-defaults:firefox@getpocket.com visible
1518039775255	addons.xpi	DEBUG	Updating XPIState for {"id":"firefox@getpocket.com","syncGUID":"{e883e79c-d91f-1944-9112-1a464569cf51}","location":"app-system-defaults","version":"1.0.5","type":"extension","internalName":null,"updateURL":null,"updateKey":null,"optionsURL":null,"optionsType":null,"aboutURL":null,"defaultLocale":{"name":"Pocket","description":"When you find something you want to view later, put it in Pocket.","creator":null,"homepageURL":null},"visible":true,"active":false,"userDisabled":false,"appDisabled":false,"installDate":1518039730000,"updateDate":1518039730000,"applyBackgroundUpdates":1,"bootstrap":true,"path":"/Applications/Firefox.app/Contents/Resources/browser/features/firefox@getpocket.com.xpi","skinnable":false,"size":917223,"sourceURI":null,"releaseNotesURI":null,"softDisabled":false,"foreignInstall":false,"hasBinaryComponents":false,"strictCompatibility":false,"locales":[],"targetApplications":[{"id":"{ec8030f7-c20a-464f-9b0e-13a3a9e97384}","minVersion":"58.0.1","maxVersion":"58.*"}],"targetPlatforms":[],"multiprocessCompatible":true,"seen":true,"dependencies":[],"hasEmbeddedWebExtension":false,"mpcOptedOut":false,"userPermissions":null,"icons":{},"iconURL":null,"icon64URL":null,"blocklistState":0,"blocklistURL":null,"startupData":null}
1518039775255	addons.manager	DEBUG	Registering startup change 'installed' for followonsearch@mozilla.com
1518039775256	addons.xpi	DEBUG	Loading bootstrap scope from /Applications/Firefox.app/Contents/Resources/browser/features/followonsearch@mozilla.com.xpi
1518039775257	addons.xpi	DEBUG	Calling bootstrap method install on followonsearch@mozilla.com version 0.9.6
1518039775257	addons.xpi-utils	DEBUG	Make addon app-system-defaults:followonsearch@mozilla.com visible
1518039775257	addons.xpi	DEBUG	Updating XPIState for {"id":"followonsearch@mozilla.com","syncGUID":"{8134692c-8c58-6a40-9cac-e1e5564d1675}","location":"app-system-defaults","version":"0.9.6","type":"extension","internalName":null,"updateURL":null,"updateKey":null,"optionsURL":null,"optionsType":null,"aboutURL":null,"defaultLocale":{"name":"Follow-on Search Telemetry","description":null,"creator":null,"homepageURL":null},"visible":true,"active":false,"userDisabled":false,"appDisabled":false,"installDate":1511538730000,"updateDate":1511538730000,"applyBackgroundUpdates":1,"bootstrap":true,"path":"/Applications/Firefox.app/Contents/Resources/browser/features/followonsearch@mozilla.com.xpi","skinnable":false,"size":18625,"sourceURI":null,"releaseNotesURI":null,"softDisabled":false,"foreignInstall":false,"hasBinaryComponents":false,"strictCompatibility":false,"locales":[],"targetApplications":[{"id":"{ec8030f7-c20a-464f-9b0e-13a3a9e97384}","minVersion":"52.0","maxVersion":"59.*"}],"targetPlatforms":[],"multiprocessCompatible":true,"seen":true,"dependencies":[],"hasEmbeddedWebExtension":false,"mpcOptedOut":false,"userPermissions":null,"icons":{},"iconURL":null,"icon64URL":null,"blocklistState":0,"blocklistURL":null,"startupData":null}
1518039775257	addons.manager	DEBUG	Registering startup change 'installed' for formautofill@mozilla.org
1518039775258	addons.xpi	DEBUG	Loading bootstrap scope from /Applications/Firefox.app/Contents/Resources/browser/features/formautofill@mozilla.org.xpi
1518039775259	addons.xpi	DEBUG	Calling bootstrap method install on formautofill@mozilla.org version 1.0
1518039775259	addons.xpi-utils	DEBUG	Make addon app-system-defaults:formautofill@mozilla.org visible
1518039775259	addons.xpi	DEBUG	Updating XPIState for {"id":"formautofill@mozilla.org","syncGUID":"{2f7ed166-9c09-eb44-b0de-cc2b802f3222}","location":"app-system-defaults","version":"1.0","type":"extension","internalName":null,"updateURL":null,"updateKey":null,"optionsURL":null,"optionsType":null,"aboutURL":null,"defaultLocale":{"name":"Form Autofill","description":"Autofill forms with saved profiles","creator":null,"homepageURL":null},"visible":true,"active":false,"userDisabled":false,"appDisabled":false,"installDate":1518039730000,"updateDate":1518039730000,"applyBackgroundUpdates":1,"bootstrap":true,"path":"/Applications/Firefox.app/Contents/Resources/browser/features/formautofill@mozilla.org.xpi","skinnable":false,"size":421035,"sourceURI":null,"releaseNotesURI":null,"softDisabled":false,"foreignInstall":false,"hasBinaryComponents":false,"strictCompatibility":false,"locales":[],"targetApplications":[{"id":"{ec8030f7-c20a-464f-9b0e-13a3a9e97384}","minVersion":"58.0.1","maxVersion":"58.*"}],"targetPlatforms":[],"multiprocessCompatible":true,"seen":true,"dependencies":[],"hasEmbeddedWebExtension":false,"mpcOptedOut":false,"userPermissions":null,"icons":{},"iconURL":null,"icon64URL":null,"blocklistState":0,"blocklistURL":null,"startupData":null}
1518039775259	addons.manager	DEBUG	Registering startup change 'installed' for onboarding@mozilla.org
1518039775260	addons.xpi	DEBUG	Loading bootstrap scope from /Applications/Firefox.app/Contents/Resources/browser/features/onboarding@mozilla.org.xpi
1518039775263	addons.xpi	DEBUG	Calling bootstrap method install on onboarding@mozilla.org version 1.0
1518039775263	addons.xpi-utils	DEBUG	Make addon app-system-defaults:onboarding@mozilla.org visible
1518039775264	addons.xpi	DEBUG	Updating XPIState for {"id":"onboarding@mozilla.org","syncGUID":"{33a0d7a6-ae9f-d442-8632-afe665f01116}","location":"app-system-defaults","version":"1.0","type":"extension","internalName":null,"updateURL":null,"updateKey":null,"optionsURL":null,"optionsType":null,"aboutURL":null,"defaultLocale":{"name":"Photon onboarding","description":"Photon onboarding","creator":null,"homepageURL":null},"visible":true,"active":false,"userDisabled":false,"appDisabled":false,"installDate":1518039730000,"updateDate":1518039730000,"applyBackgroundUpdates":1,"bootstrap":true,"path":"/Applications/Firefox.app/Contents/Resources/browser/features/onboarding@mozilla.org.xpi","skinnable":false,"size":546501,"sourceURI":null,"releaseNotesURI":null,"softDisabled":false,"foreignInstall":false,"hasBinaryComponents":false,"strictCompatibility":false,"locales":[],"targetApplications":[{"id":"{ec8030f7-c20a-464f-9b0e-13a3a9e97384}","minVersion":"58.0.1","maxVersion":"58.*"}],"targetPlatforms":[],"multiprocessCompatible":true,"seen":true,"dependencies":[],"hasEmbeddedWebExtension":false,"mpcOptedOut":false,"userPermissions":null,"icons":{},"iconURL":null,"icon64URL":null,"blocklistState":0,"blocklistURL":null,"startupData":null}
1518039775264	addons.manager	DEBUG	Registering startup change 'installed' for screenshots@mozilla.org
1518039775264	addons.xpi	DEBUG	Loading bootstrap scope from /Applications/Firefox.app/Contents/Resources/browser/features/screenshots@mozilla.org.xpi
1518039775266	addons.xpi	DEBUG	Calling bootstrap method install on screenshots@mozilla.org version 25.0.0
1518039775266	addons.xpi-utils	DEBUG	Make addon app-system-defaults:screenshots@mozilla.org visible
1518039775266	addons.xpi	DEBUG	Updating XPIState for {"id":"screenshots@mozilla.org","syncGUID":"{d340cf27-049d-fe42-baf3-9065e48e9109}","location":"app-system-defaults","version":"25.0.0","type":"extension","internalName":null,"updateURL":null,"updateKey":null,"optionsURL":null,"optionsType":null,"aboutURL":null,"defaultLocale":{"name":"Firefox Screenshots","description":null,"creator":null,"homepageURL":"https://screenshots.firefox.com/"},"visible":true,"active":false,"userDisabled":false,"appDisabled":false,"installDate":1518039730000,"updateDate":1518039730000,"applyBackgroundUpdates":1,"bootstrap":true,"path":"/Applications/Firefox.app/Contents/Resources/browser/features/screenshots@mozilla.org.xpi","skinnable":false,"size":994512,"sourceURI":null,"releaseNotesURI":null,"softDisabled":false,"foreignInstall":false,"hasBinaryComponents":false,"strictCompatibility":false,"locales":[],"targetApplications":[{"id":"{ec8030f7-c20a-464f-9b0e-13a3a9e97384}","minVersion":"57.0a1","maxVersion":"*"}],"targetPlatforms":[],"multiprocessCompatible":true,"seen":true,"dependencies":[],"hasEmbeddedWebExtension":false,"mpcOptedOut":false,"userPermissions":null,"icons":{},"iconURL":null,"icon64URL":null,"blocklistState":0,"blocklistURL":null,"startupData":null}
1518039775266	addons.manager	DEBUG	Registering startup change 'installed' for shield-recipe-client@mozilla.org
1518039775267	addons.xpi	DEBUG	Loading bootstrap scope from /Applications/Firefox.app/Contents/Resources/browser/features/shield-recipe-client@mozilla.org.xpi
1518039775268	addons.xpi	DEBUG	Calling bootstrap method install on shield-recipe-client@mozilla.org version 76.1
1518039775269	addons.xpi-utils	DEBUG	Make addon app-system-defaults:shield-recipe-client@mozilla.org visible
1518039775269	addons.xpi	DEBUG	Updating XPIState for {"id":"shield-recipe-client@mozilla.org","syncGUID":"{e08fcbc7-ef09-e84b-b173-2f7e971a84c8}","location":"app-system-defaults","version":"76.1","type":"extension","internalName":null,"updateURL":null,"updateKey":null,"optionsURL":null,"optionsType":null,"aboutURL":null,"defaultLocale":{"name":"Shield Recipe Client","description":"Client to download and run recipes for SHIELD, Heartbeat, etc.","creator":null,"homepageURL":null},"visible":true,"active":false,"userDisabled":false,"appDisabled":false,"installDate":1518039730000,"updateDate":1518039730000,"applyBackgroundUpdates":1,"bootstrap":true,"path":"/Applications/Firefox.app/Contents/Resources/browser/features/shield-recipe-client@mozilla.org.xpi","skinnable":false,"size":364001,"sourceURI":null,"releaseNotesURI":null,"softDisabled":false,"foreignInstall":false,"hasBinaryComponents":false,"strictCompatibility":false,"locales":[],"targetApplications":[{"id":"{ec8030f7-c20a-464f-9b0e-13a3a9e97384}","minVersion":"58.0.1","maxVersion":"58.*"}],"targetPlatforms":[],"multiprocessCompatible":true,"seen":true,"dependencies":[],"hasEmbeddedWebExtension":false,"mpcOptedOut":false,"userPermissions":null,"icons":{},"iconURL":null,"icon64URL":null,"blocklistState":0,"blocklistURL":null,"startupData":null}
1518039775269	addons.manager	DEBUG	Registering startup change 'installed' for webcompat@mozilla.org
1518039775269	addons.xpi	DEBUG	Loading bootstrap scope from /Applications/Firefox.app/Contents/Resources/browser/features/webcompat@mozilla.org.xpi
1518039775271	addons.xpi	DEBUG	Calling bootstrap method install on webcompat@mozilla.org version 1.1
1518039775271	addons.xpi-utils	DEBUG	Make addon app-system-defaults:webcompat@mozilla.org visible
1518039775271	addons.xpi	DEBUG	Updating XPIState for {"id":"webcompat@mozilla.org","syncGUID":"{106f0f5c-a626-8c44-aa8a-b6b76b322d6e}","location":"app-system-defaults","version":"1.1","type":"extension","internalName":null,"updateURL":null,"updateKey":null,"optionsURL":null,"optionsType":null,"aboutURL":null,"defaultLocale":{"name":"Web Compat","description":"Urgent post-release fixes for web compatibility.","creator":null,"homepageURL":null},"visible":true,"active":false,"userDisabled":false,"appDisabled":false,"installDate":1518039730000,"updateDate":1518039730000,"applyBackgroundUpdates":1,"bootstrap":true,"path":"/Applications/Firefox.app/Contents/Resources/browser/features/webcompat@mozilla.org.xpi","skinnable":false,"size":9268,"sourceURI":null,"releaseNotesURI":null,"softDisabled":false,"foreignInstall":false,"hasBinaryComponents":false,"strictCompatibility":false,"locales":[],"targetApplications":[{"id":"{ec8030f7-c20a-464f-9b0e-13a3a9e97384}","minVersion":"58.0.1","maxVersion":"58.*"}],"targetPlatforms":[],"multiprocessCompatible":true,"seen":true,"dependencies":[],"hasEmbeddedWebExtension":false,"mpcOptedOut":false,"userPermissions":null,"icons":{},"iconURL":null,"icon64URL":null,"blocklistState":0,"blocklistURL":null,"startupData":null}
1518039775271	addons.xpi-utils	DEBUG	Make addon app-global:{972ce4c6-7e08-4474-a285-3208198ce6fd} visible
1518039775271	addons.xpi	DEBUG	Updating XPIState for {"id":"{972ce4c6-7e08-4474-a285-3208198ce6fd}","syncGUID":"{090919c3-2637-ab4b-9cc6-1969f57a032b}","location":"app-global","version":"58.0.1","type":"theme","internalName":"classic/1.0","updateURL":null,"updateKey":null,"optionsURL":null,"optionsType":null,"optionsBrowserStyle":null,"aboutURL":null,"defaultLocale":{"name":"Default","description":"The default theme.","creator":"Mozilla","homepageURL":null,"contributors":["Mozilla Contributors"]},"visible":true,"active":false,"userDisabled":false,"appDisabled":false,"installDate":1518039730000,"updateDate":1518039730000,"applyBackgroundUpdates":1,"path":"/Applications/Firefox.app/Contents/Resources/browser/extensions/{972ce4c6-7e08-4474-a285-3208198ce6fd}.xpi","skinnable":true,"size":1903,"sourceURI":null,"releaseNotesURI":null,"softDisabled":false,"foreignInstall":false,"hasBinaryComponents":false,"strictCompatibility":true,"locales":[],"targetApplications":[{"id":"{ec8030f7-c20a-464f-9b0e-13a3a9e97384}","minVersion":"58.0.1","maxVersion":"58.0.1"}],"targetPlatforms":[],"seen":true,"dependencies":[],"hasEmbeddedWebExtension":false,"userPermissions":null,"icons":{},"iconURL":"chrome://browser/content/default-theme-icon.svg","icon64URL":null,"blocklistState":0,"blocklistURL":null,"startupData":null}
1518039775272	addons.xpi	DEBUG	Updating XPIState for {"id":"activity-stream@mozilla.org","syncGUID":"{58d817ad-93f3-eb4b-a8fb-d28fb2560a56}","location":"app-system-defaults","version":"2018.01.04.0062-4997c81d","type":"extension","internalName":null,"updateURL":null,"updateKey":null,"optionsURL":null,"optionsType":null,"aboutURL":null,"defaultLocale":{"name":"Activity Stream","description":"A rich visual history feed and a reimagined home page make it easier than ever to find exactly what you're looking for in Firefox.","creator":null,"homepageURL":null},"visible":true,"active":true,"userDisabled":false,"appDisabled":false,"installDate":1518039730000,"updateDate":1518039730000,"applyBackgroundUpdates":1,"bootstrap":true,"path":"/Applications/Firefox.app/Contents/Resources/browser/features/activity-stream@mozilla.org.xpi","skinnable":false,"size":2644084,"sourceURI":null,"releaseNotesURI":null,"softDisabled":false,"foreignInstall":false,"hasBinaryComponents":false,"strictCompatibility":false,"locales":[],"targetApplications":[{"id":"{ec8030f7-c20a-464f-9b0e-13a3a9e97384}","minVersion":"58.0.1","maxVersion":"58.*"}],"targetPlatforms":[],"multiprocessCompatible":true,"seen":true,"dependencies":[],"hasEmbeddedWebExtension":false,"mpcOptedOut":false,"userPermissions":null,"icons":{},"iconURL":null,"icon64URL":null,"blocklistState":0,"blocklistURL":null,"startupData":null}
1518039775272	addons.xpi	DEBUG	Updating XPIState for {"id":"aushelper@mozilla.org","syncGUID":"{2ec4c9b1-aa7f-e24d-948f-65a5658dee35}","location":"app-system-defaults","version":"2.0","type":"extension","internalName":null,"updateURL":null,"updateKey":null,"optionsURL":null,"optionsType":null,"aboutURL":null,"defaultLocale":{"name":"Application Update Service Helper","description":"Sets value(s) in the update url based on custom checks.","creator":null,"homepageURL":null},"visible":true,"active":true,"userDisabled":false,"appDisabled":false,"installDate":1518039730000,"updateDate":1518039730000,"applyBackgroundUpdates":1,"bootstrap":true,"path":"/Applications/Firefox.app/Contents/Resources/browser/features/aushelper@mozilla.org.xpi","skinnable":false,"size":8488,"sourceURI":null,"releaseNotesURI":null,"softDisabled":false,"foreignInstall":false,"hasBinaryComponents":false,"strictCompatibility":false,"locales":[],"targetApplications":[{"id":"{ec8030f7-c20a-464f-9b0e-13a3a9e97384}","minVersion":"58.0.1","maxVersion":"58.*"}],"targetPlatforms":[],"multiprocessCompatible":true,"seen":true,"dependencies":[],"hasEmbeddedWebExtension":false,"mpcOptedOut":false,"userPermissions":null,"icons":{},"iconURL":null,"icon64URL":null,"blocklistState":0,"blocklistURL":null,"startupData":null}
1518039775273	addons.xpi	DEBUG	Updating XPIState for {"id":"firefox@getpocket.com","syncGUID":"{e883e79c-d91f-1944-9112-1a464569cf51}","location":"app-system-defaults","version":"1.0.5","type":"extension","internalName":null,"updateURL":null,"updateKey":null,"optionsURL":null,"optionsType":null,"aboutURL":null,"defaultLocale":{"name":"Pocket","description":"When you find something you want to view later, put it in Pocket.","creator":null,"homepageURL":null},"visible":true,"active":true,"userDisabled":false,"appDisabled":false,"installDate":1518039730000,"updateDate":1518039730000,"applyBackgroundUpdates":1,"bootstrap":true,"path":"/Applications/Firefox.app/Contents/Resources/browser/features/firefox@getpocket.com.xpi","skinnable":false,"size":917223,"sourceURI":null,"releaseNotesURI":null,"softDisabled":false,"foreignInstall":false,"hasBinaryComponents":false,"strictCompatibility":false,"locales":[],"targetApplications":[{"id":"{ec8030f7-c20a-464f-9b0e-13a3a9e97384}","minVersion":"58.0.1","maxVersion":"58.*"}],"targetPlatforms":[],"multiprocessCompatible":true,"seen":true,"dependencies":[],"hasEmbeddedWebExtension":false,"mpcOptedOut":false,"userPermissions":null,"icons":{},"iconURL":null,"icon64URL":null,"blocklistState":0,"blocklistURL":null,"startupData":null}
1518039775273	addons.xpi	DEBUG	Updating XPIState for {"id":"followonsearch@mozilla.com","syncGUID":"{8134692c-8c58-6a40-9cac-e1e5564d1675}","location":"app-system-defaults","version":"0.9.6","type":"extension","internalName":null,"updateURL":null,"updateKey":null,"optionsURL":null,"optionsType":null,"aboutURL":null,"defaultLocale":{"name":"Follow-on Search Telemetry","description":null,"creator":null,"homepageURL":null},"visible":true,"active":true,"userDisabled":false,"appDisabled":false,"installDate":1511538730000,"updateDate":1511538730000,"applyBackgroundUpdates":1,"bootstrap":true,"path":"/Applications/Firefox.app/Contents/Resources/browser/features/followonsearch@mozilla.com.xpi","skinnable":false,"size":18625,"sourceURI":null,"releaseNotesURI":null,"softDisabled":false,"foreignInstall":false,"hasBinaryComponents":false,"strictCompatibility":false,"locales":[],"targetApplications":[{"id":"{ec8030f7-c20a-464f-9b0e-13a3a9e97384}","minVersion":"52.0","maxVersion":"59.*"}],"targetPlatforms":[],"multiprocessCompatible":true,"seen":true,"dependencies":[],"hasEmbeddedWebExtension":false,"mpcOptedOut":false,"userPermissions":null,"icons":{},"iconURL":null,"icon64URL":null,"blocklistState":0,"blocklistURL":null,"startupData":null}
1518039775273	addons.xpi	DEBUG	Updating XPIState for {"id":"formautofill@mozilla.org","syncGUID":"{2f7ed166-9c09-eb44-b0de-cc2b802f3222}","location":"app-system-defaults","version":"1.0","type":"extension","internalName":null,"updateURL":null,"updateKey":null,"optionsURL":null,"optionsType":null,"aboutURL":null,"defaultLocale":{"name":"Form Autofill","description":"Autofill forms with saved profiles","creator":null,"homepageURL":null},"visible":true,"active":true,"userDisabled":false,"appDisabled":false,"installDate":1518039730000,"updateDate":1518039730000,"applyBackgroundUpdates":1,"bootstrap":true,"path":"/Applications/Firefox.app/Contents/Resources/browser/features/formautofill@mozilla.org.xpi","skinnable":false,"size":421035,"sourceURI":null,"releaseNotesURI":null,"softDisabled":false,"foreignInstall":false,"hasBinaryComponents":false,"strictCompatibility":false,"locales":[],"targetApplications":[{"id":"{ec8030f7-c20a-464f-9b0e-13a3a9e97384}","minVersion":"58.0.1","maxVersion":"58.*"}],"targetPlatforms":[],"multiprocessCompatible":true,"seen":true,"dependencies":[],"hasEmbeddedWebExtension":false,"mpcOptedOut":false,"userPermissions":null,"icons":{},"iconURL":null,"icon64URL":null,"blocklistState":0,"blocklistURL":null,"startupData":null}
1518039775274	addons.xpi	DEBUG	Updating XPIState for {"id":"onboarding@mozilla.org","syncGUID":"{33a0d7a6-ae9f-d442-8632-afe665f01116}","location":"app-system-defaults","version":"1.0","type":"extension","internalName":null,"updateURL":null,"updateKey":null,"optionsURL":null,"optionsType":null,"aboutURL":null,"defaultLocale":{"name":"Photon onboarding","description":"Photon onboarding","creator":null,"homepageURL":null},"visible":true,"active":true,"userDisabled":false,"appDisabled":false,"installDate":1518039730000,"updateDate":1518039730000,"applyBackgroundUpdates":1,"bootstrap":true,"path":"/Applications/Firefox.app/Contents/Resources/browser/features/onboarding@mozilla.org.xpi","skinnable":false,"size":546501,"sourceURI":null,"releaseNotesURI":null,"softDisabled":false,"foreignInstall":false,"hasBinaryComponents":false,"strictCompatibility":false,"locales":[],"targetApplications":[{"id":"{ec8030f7-c20a-464f-9b0e-13a3a9e97384}","minVersion":"58.0.1","maxVersion":"58.*"}],"targetPlatforms":[],"multiprocessCompatible":true,"seen":true,"dependencies":[],"hasEmbeddedWebExtension":false,"mpcOptedOut":false,"userPermissions":null,"icons":{},"iconURL":null,"icon64URL":null,"blocklistState":0,"blocklistURL":null,"startupData":null}
1518039775274	addons.xpi	DEBUG	Updating XPIState for {"id":"screenshots@mozilla.org","syncGUID":"{d340cf27-049d-fe42-baf3-9065e48e9109}","location":"app-system-defaults","version":"25.0.0","type":"extension","internalName":null,"updateURL":null,"updateKey":null,"optionsURL":null,"optionsType":null,"aboutURL":null,"defaultLocale":{"name":"Firefox Screenshots","description":null,"creator":null,"homepageURL":"https://screenshots.firefox.com/"},"visible":true,"active":true,"userDisabled":false,"appDisabled":false,"installDate":1518039730000,"updateDate":1518039730000,"applyBackgroundUpdates":1,"bootstrap":true,"path":"/Applications/Firefox.app/Contents/Resources/browser/features/screenshots@mozilla.org.xpi","skinnable":false,"size":994512,"sourceURI":null,"releaseNotesURI":null,"softDisabled":false,"foreignInstall":false,"hasBinaryComponents":false,"strictCompatibility":false,"locales":[],"targetApplications":[{"id":"{ec8030f7-c20a-464f-9b0e-13a3a9e97384}","minVersion":"57.0a1","maxVersion":"*"}],"targetPlatforms":[],"multiprocessCompatible":true,"seen":true,"dependencies":[],"hasEmbeddedWebExtension":false,"mpcOptedOut":false,"userPermissions":null,"icons":{},"iconURL":null,"icon64URL":null,"blocklistState":0,"blocklistURL":null,"startupData":null}
1518039775274	addons.xpi	DEBUG	Updating XPIState for {"id":"shield-recipe-client@mozilla.org","syncGUID":"{e08fcbc7-ef09-e84b-b173-2f7e971a84c8}","location":"app-system-defaults","version":"76.1","type":"extension","internalName":null,"updateURL":null,"updateKey":null,"optionsURL":null,"optionsType":null,"aboutURL":null,"defaultLocale":{"name":"Shield Recipe Client","description":"Client to download and run recipes for SHIELD, Heartbeat, etc.","creator":null,"homepageURL":null},"visible":true,"active":true,"userDisabled":false,"appDisabled":false,"installDate":1518039730000,"updateDate":1518039730000,"applyBackgroundUpdates":1,"bootstrap":true,"path":"/Applications/Firefox.app/Contents/Resources/browser/features/shield-recipe-client@mozilla.org.xpi","skinnable":false,"size":364001,"sourceURI":null,"releaseNotesURI":null,"softDisabled":false,"foreignInstall":false,"hasBinaryComponents":false,"strictCompatibility":false,"locales":[],"targetApplications":[{"id":"{ec8030f7-c20a-464f-9b0e-13a3a9e97384}","minVersion":"58.0.1","maxVersion":"58.*"}],"targetPlatforms":[],"multiprocessCompatible":true,"seen":true,"dependencies":[],"hasEmbeddedWebExtension":false,"mpcOptedOut":false,"userPermissions":null,"icons":{},"iconURL":null,"icon64URL":null,"blocklistState":0,"blocklistURL":null,"startupData":null}
1518039775274	addons.xpi	DEBUG	Updating XPIState for {"id":"webcompat@mozilla.org","syncGUID":"{106f0f5c-a626-8c44-aa8a-b6b76b322d6e}","location":"app-system-defaults","version":"1.1","type":"extension","internalName":null,"updateURL":null,"updateKey":null,"optionsURL":null,"optionsType":null,"aboutURL":null,"defaultLocale":{"name":"Web Compat","description":"Urgent post-release fixes for web compatibility.","creator":null,"homepageURL":null},"visible":true,"active":true,"userDisabled":false,"appDisabled":false,"installDate":1518039730000,"updateDate":1518039730000,"applyBackgroundUpdates":1,"bootstrap":true,"path":"/Applications/Firefox.app/Contents/Resources/browser/features/webcompat@mozilla.org.xpi","skinnable":false,"size":9268,"sourceURI":null,"releaseNotesURI":null,"softDisabled":false,"foreignInstall":false,"hasBinaryComponents":false,"strictCompatibility":false,"locales":[],"targetApplications":[{"id":"{ec8030f7-c20a-464f-9b0e-13a3a9e97384}","minVersion":"58.0.1","maxVersion":"58.*"}],"targetPlatforms":[],"multiprocessCompatible":true,"seen":true,"dependencies":[],"hasEmbeddedWebExtension":false,"mpcOptedOut":false,"userPermissions":null,"icons":{},"iconURL":null,"icon64URL":null,"blocklistState":0,"blocklistURL":null,"startupData":null}
1518039775274	addons.xpi	DEBUG	Updating XPIState for {"id":"{972ce4c6-7e08-4474-a285-3208198ce6fd}","syncGUID":"{090919c3-2637-ab4b-9cc6-1969f57a032b}","location":"app-global","version":"58.0.1","type":"theme","internalName":"classic/1.0","updateURL":null,"updateKey":null,"optionsURL":null,"optionsType":null,"optionsBrowserStyle":null,"aboutURL":null,"defaultLocale":{"name":"Default","description":"The default theme.","creator":"Mozilla","homepageURL":null,"contributors":["Mozilla Contributors"]},"visible":true,"active":true,"userDisabled":false,"appDisabled":false,"installDate":1518039730000,"updateDate":1518039730000,"applyBackgroundUpdates":1,"path":"/Applications/Firefox.app/Contents/Resources/browser/extensions/{972ce4c6-7e08-4474-a285-3208198ce6fd}.xpi","skinnable":true,"size":1903,"sourceURI":null,"releaseNotesURI":null,"softDisabled":false,"foreignInstall":false,"hasBinaryComponents":false,"strictCompatibility":true,"locales":[],"targetApplications":[{"id":"{ec8030f7-c20a-464f-9b0e-13a3a9e97384}","minVersion":"58.0.1","maxVersion":"58.0.1"}],"targetPlatforms":[],"seen":true,"dependencies":[],"hasEmbeddedWebExtension":false,"userPermissions":null,"icons":{},"iconURL":"chrome://browser/content/default-theme-icon.svg","icon64URL":null,"blocklistState":0,"blocklistURL":null,"startupData":null}
1518039775274	addons.xpi	DEBUG	Updating database with changes to installed add-ons
1518039775274	addons.xpi-utils	DEBUG	Updating add-on states
1518039775278	addons.xpi	DEBUG	Registering manifest for /Applications/Firefox.app/Contents/Resources/browser/features/activity-stream@mozilla.org.xpi
1518039775279	addons.xpi	DEBUG	Calling bootstrap method startup on activity-stream@mozilla.org version 2018.01.04.0062-4997c81d
1518039775279	addons.xpi	DEBUG	Registering manifest for /Applications/Firefox.app/Contents/Resources/browser/features/aushelper@mozilla.org.xpi
1518039775280	addons.xpi	DEBUG	Calling bootstrap method startup on aushelper@mozilla.org version 2.0
1518039775280	addons.xpi	DEBUG	Registering manifest for /Applications/Firefox.app/Contents/Resources/browser/features/firefox@getpocket.com.xpi
1518039775280	addons.xpi	DEBUG	Calling bootstrap method startup on firefox@getpocket.com version 1.0.5
1518039775291	addons.xpi	DEBUG	Registering manifest for /Applications/Firefox.app/Contents/Resources/browser/features/followonsearch@mozilla.com.xpi
1518039775291	addons.xpi	DEBUG	Calling bootstrap method startup on followonsearch@mozilla.com version 0.9.6
1518039775292	addons.xpi	DEBUG	Registering manifest for /Applications/Firefox.app/Contents/Resources/browser/features/formautofill@mozilla.org.xpi
1518039775293	addons.xpi	DEBUG	Calling bootstrap method startup on formautofill@mozilla.org version 1.0
1518039775293	addons.xpi	DEBUG	Registering manifest for /Applications/Firefox.app/Contents/Resources/browser/features/onboarding@mozilla.org.xpi
1518039775294	addons.xpi	DEBUG	Calling bootstrap method startup on onboarding@mozilla.org version 1.0
1518039775294	addons.xpi	DEBUG	Registering manifest for /Applications/Firefox.app/Contents/Resources/browser/features/screenshots@mozilla.org.xpi
1518039775295	addons.xpi	DEBUG	Calling bootstrap method startup on screenshots@mozilla.org version 25.0.0
1518039775295	addons.xpi	DEBUG	Registering manifest for /Applications/Firefox.app/Contents/Resources/browser/features/shield-recipe-client@mozilla.org.xpi
1518039775295	addons.xpi	DEBUG	Calling bootstrap method startup on shield-recipe-client@mozilla.org version 76.1
1518039775304	addons.xpi	DEBUG	Registering manifest for /Applications/Firefox.app/Contents/Resources/browser/features/webcompat@mozilla.org.xpi
1518039775304	addons.xpi	DEBUG	Calling bootstrap method startup on webcompat@mozilla.org version 1.1
1518039775307	addons.manager	DEBUG	Registering shutdown blocker for XPIProvider
1518039775308	addons.manager	DEBUG	Provider finished startup: XPIProvider
1518039775308	addons.manager	DEBUG	Starting provider: LightweightThemeManager
1518039775308	addons.manager	DEBUG	Registering shutdown blocker for LightweightThemeManager
1518039775308	addons.manager	DEBUG	Provider finished startup: LightweightThemeManager
1518039775308	addons.manager	DEBUG	Starting provider: GMPProvider
1518039775312	addons.manager	DEBUG	Registering shutdown blocker for GMPProvider
1518039775312	addons.manager	DEBUG	Provider finished startup: GMPProvider
1518039775312	addons.manager	DEBUG	Starting provider: PluginProvider
1518039775312	addons.manager	DEBUG	Registering shutdown blocker for PluginProvider
1518039775312	addons.manager	DEBUG	Provider finished startup: PluginProvider
1518039775313	addons.manager	DEBUG	Completed startup sequence
1518039775479	Marionette	INFO	Enabled via --marionette
1518039775766	addons.manager	DEBUG	Starting provider: PreviousExperimentProvider
1518039775767	addons.manager	DEBUG	Registering shutdown blocker for PreviousExperimentProvider
1518039775767	addons.manager	DEBUG	Provider finished startup: PreviousExperimentProvider
2018-02-07 23:42:56.719 plugin-container[4069:566065] *** CFMessagePort: bootstrap_register(): failed 1100 (0x44c) 'Permission denied', port = 0xa437, name = 'com.apple.tsm.portname'
See /usr/include/servers/bootstrap_defs.h for the error codes.
1518039776738	addons.xpi-utils	DEBUG	XPI Database saved, setting schema version preference to 23
1518039777019	addons.xpi	INFO	Mapping activity-stream@mozilla.org to /Applications/Firefox.app/Contents/Resources/browser/features/activity-stream@mozilla.org.xpi
1518039777019	addons.xpi	INFO	Mapping aushelper@mozilla.org to /Applications/Firefox.app/Contents/Resources/browser/features/aushelper@mozilla.org.xpi
1518039777019	addons.xpi	INFO	Mapping firefox@getpocket.com to /Applications/Firefox.app/Contents/Resources/browser/features/firefox@getpocket.com.xpi
1518039777019	addons.xpi	INFO	Mapping followonsearch@mozilla.com to /Applications/Firefox.app/Contents/Resources/browser/features/followonsearch@mozilla.com.xpi
1518039777019	addons.xpi	INFO	Mapping formautofill@mozilla.org to /Applications/Firefox.app/Contents/Resources/browser/features/formautofill@mozilla.org.xpi
1518039777019	addons.xpi	INFO	Mapping onboarding@mozilla.org to /Applications/Firefox.app/Contents/Resources/browser/features/onboarding@mozilla.org.xpi
1518039777019	addons.xpi	INFO	Mapping screenshots@mozilla.org to /Applications/Firefox.app/Contents/Resources/browser/features/screenshots@mozilla.org.xpi
1518039777019	addons.xpi	INFO	Mapping shield-recipe-client@mozilla.org to /Applications/Firefox.app/Contents/Resources/browser/features/shield-recipe-client@mozilla.org.xpi
1518039777020	addons.xpi	INFO	Mapping webcompat@mozilla.org to /Applications/Firefox.app/Contents/Resources/browser/features/webcompat@mozilla.org.xpi
1518039777020	addons.xpi	DEBUG	Existing add-on activity-stream@mozilla.org in app-system-defaults
1518039777020	addons.xpi	DEBUG	Existing add-on aushelper@mozilla.org in app-system-defaults
1518039777020	addons.xpi	DEBUG	Existing add-on firefox@getpocket.com in app-system-defaults
1518039777021	addons.xpi	DEBUG	Existing add-on followonsearch@mozilla.com in app-system-defaults
1518039777021	addons.xpi	DEBUG	Existing add-on formautofill@mozilla.org in app-system-defaults
1518039777021	addons.xpi	DEBUG	Existing add-on onboarding@mozilla.org in app-system-defaults
1518039777021	addons.xpi	DEBUG	Existing add-on screenshots@mozilla.org in app-system-defaults
1518039777021	addons.xpi	DEBUG	Existing add-on shield-recipe-client@mozilla.org in app-system-defaults
1518039777021	addons.xpi	DEBUG	Existing add-on webcompat@mozilla.org in app-system-defaults
1518039777022	addons.xpi	INFO	Mapping {972ce4c6-7e08-4474-a285-3208198ce6fd} to /Applications/Firefox.app/Contents/Resources/browser/extensions/{972ce4c6-7e08-4474-a285-3208198ce6fd}.xpi
1518039777022	addons.xpi	DEBUG	Existing add-on {972ce4c6-7e08-4474-a285-3208198ce6fd} in app-global
1518039777022	addons.xpi	DEBUG	getInstallState changed: false, state: {}
1518039777198	Marionette	INFO	Listening on port 63241
1518039777313	Marionette	WARN	TLS certificate errors will be ignored for this session
2018-02-07 23:42:57.839 plugin-container[4070:566191] *** CFMessagePort: bootstrap_register(): failed 1100 (0x44c) 'Permission denied', port = 0x9e3b, name = 'com.apple.tsm.portname'
See /usr/include/servers/bootstrap_defs.h for the error codes.
1518039779446	addons.xpi	DEBUG	Calling bootstrap method shutdown on webcompat@mozilla.org version 1.1
1518039779446	addons.xpi	DEBUG	Calling bootstrap method shutdown on shield-recipe-client@mozilla.org version 76.1
1518039779447	addons.xpi	DEBUG	Calling bootstrap method shutdown on screenshots@mozilla.org version 25.0.0
1518039779455	addons.xpi	DEBUG	Calling bootstrap method shutdown on onboarding@mozilla.org version 1.0
1518039779455	addons.xpi	DEBUG	Calling bootstrap method shutdown on formautofill@mozilla.org version 1.0
1518039779456	addons.xpi	DEBUG	Calling bootstrap method shutdown on followonsearch@mozilla.com version 0.9.6
1518039779456	addons.xpi	DEBUG	Calling bootstrap method shutdown on firefox@getpocket.com version 1.0.5
1518039779456	addons.xpi	DEBUG	Calling bootstrap method shutdown on aushelper@mozilla.org version 2.0
1518039779456	addons.xpi	DEBUG	Calling bootstrap method shutdown on activity-stream@mozilla.org version 2018.01.04.0062-4997c81d
1518039909280	addons.xpi	DEBUG	Calling bootstrap method shutdown on webcompat@mozilla.org version 1.1
1518039909283	addons.xpi	DEBUG	Calling bootstrap method shutdown on shield-recipe-client@mozilla.org version 76.1
1518039909286	addons.xpi	DEBUG	Calling bootstrap method shutdown on screenshots@mozilla.org version 25.0.0
1518039909308	addons.xpi	DEBUG	Calling bootstrap method shutdown on onboarding@mozilla.org version 1.0
1518039909309	addons.xpi	DEBUG	Calling bootstrap method shutdown on formautofill@mozilla.org version 1.0
1518039909310	addons.xpi	DEBUG	Calling bootstrap method shutdown on followonsearch@mozilla.com version 0.9.6
1518039909310	addons.xpi	DEBUG	Calling bootstrap method shutdown on firefox@getpocket.com version 1.0.5
1518039909311	addons.xpi	DEBUG	Calling bootstrap method shutdown on aushelper@mozilla.org version 2.0
1518039909311	addons.xpi	DEBUG	Calling bootstrap method shutdown on activity-stream@mozilla.org version 2018.01.04.0062-4997c81d
1518039909486	addons.manager	DEBUG	shutdown
1518039909486	addons.manager	DEBUG	Calling shutdown blocker for XPIProvider
1518039909487	addons.xpi	DEBUG	shutdown
1518039909487	addons.xpi-utils	DEBUG	shutdown
1518039909487	addons.manager	DEBUG	Calling shutdown blocker for LightweightThemeManager
1518039909487	addons.manager	DEBUG	Calling shutdown blocker for GMPProvider
1518039909488	addons.manager	DEBUG	Calling shutdown blocker for PluginProvider
1518039909488	addons.manager	DEBUG	Calling shutdown blocker for PreviousExperimentProvider
1518039909494	addons.manager	DEBUG	Async provider shutdown done
